#
# There is insufficient memory for the Java Runtime Environment to continue.
# Native memory allocation (mmap) failed to map 41943040 bytes for G1 virtual space
# Possible reasons:
#   The system is out of physical RAM or swap space
#   The process is running with CompressedOops enabled, and the Java Heap may be blocking the growth of the native heap
# Possible solutions:
#   Reduce memory load on the system
#   Increase physical memory or swap space
#   Check if swap backing store is full
#   Decrease Java heap size (-Xmx/-Xms)
#   Decrease number of Java threads
#   Decrease Java thread stack sizes (-Xss)
#   Set larger code cache with -XX:ReservedCodeCacheSize=
#   JVM is running with Unscaled Compressed Oops mode in which the Java heap is
#     placed in the first 4GB address space. The Java Heap base address is the
#     maximum limit for the native heap growth. Please use -XX:HeapBaseMinAddress
#     to set the Java Heap base and to place the Java Heap above 4GB virtual address.
# This output file may be truncated or incomplete.
#
#  Out of Memory Error (os_windows.cpp:3769), pid=9904, tid=41468
#
# JRE version: OpenJDK Runtime Environment (17.0.6) (build 17.0.6+0-b2043.56-9586694)
# Java VM: OpenJDK 64-Bit Server VM (17.0.6+0-b2043.56-9586694, mixed mode, tiered, compressed oops, compressed class ptrs, g1 gc, windows-amd64)
# No core dump will be written. Minidumps are not enabled by default on client versions of Windows
#

---------------  S U M M A R Y ------------

Command Line: --add-opens=java.base/java.util=ALL-UNNAMED --add-opens=java.base/java.lang=ALL-UNNAMED --add-opens=java.base/java.lang.invoke=ALL-UNNAMED --add-opens=java.prefs/java.util.prefs=ALL-UNNAMED --add-opens=java.base/java.nio.charset=ALL-UNNAMED --add-opens=java.base/java.net=ALL-UNNAMED --add-opens=java.base/java.util.concurrent.atomic=ALL-UNNAMED -Xmx2048m -Dfile.encoding=UTF-8 -Duser.country=GT -Duser.language=es -Duser.variant org.gradle.launcher.daemon.bootstrap.GradleDaemon 8.0

Host: Intel(R) Core(TM) i7-10710U CPU @ 1.10GHz, 12 cores, 15G,  Windows 11 , 64 bit Build 22621 (10.0.22621.2428)
Time: Wed Nov 15 23:16:54 2023 Hora estándar, América Central elapsed time: 6.703697 seconds (0d 0h 0m 6s)

---------------  T H R E A D  ---------------

Current thread (0x0000026adcb9ddf0):  VMThread "VM Thread" [stack: 0x0000007931e00000,0x0000007931f00000] [id=41468]

Stack: [0x0000007931e00000,0x0000007931f00000]
Native frames: (J=compiled Java code, j=interpreted, Vv=VM code, C=native code)
V  [jvm.dll+0x683b4a]
V  [jvm.dll+0x842654]
V  [jvm.dll+0x843dfe]
V  [jvm.dll+0x844463]
V  [jvm.dll+0x249b75]
V  [jvm.dll+0x680a19]
V  [jvm.dll+0x674f0a]
V  [jvm.dll+0x309acb]
V  [jvm.dll+0x310f86]
V  [jvm.dll+0x3608ee]
V  [jvm.dll+0x360b1f]
V  [jvm.dll+0x2dfbf8]
V  [jvm.dll+0x2ddec4]
V  [jvm.dll+0x2dd4cc]
V  [jvm.dll+0x322261]
V  [jvm.dll+0x84893b]
V  [jvm.dll+0x849674]
V  [jvm.dll+0x849b8d]
V  [jvm.dll+0x849f64]
V  [jvm.dll+0x84a030]
V  [jvm.dll+0x7f25fa]
V  [jvm.dll+0x682985]
C  [ucrtbase.dll+0x29363]
C  [KERNEL32.DLL+0x1257d]
C  [ntdll.dll+0x5aa78]

VM_Operation (0x00000079338f2180): G1TryInitiateConcMark, mode: safepoint, requested by thread 0x0000026ae10619e0


---------------  P R O C E S S  ---------------

Threads class SMR info:
_java_thread_list=0x0000026ae099a660, length=170, elements={
0x0000026ac28e9620, 0x0000026adcb7fff0, 0x0000026add43f3f0, 0x0000026add4999b0,
0x0000026add49a560, 0x0000026add49d020, 0x0000026add49d9d0, 0x0000026add49e6b0,
0x0000026add49f150, 0x0000026add4a1b50, 0x0000026add63e030, 0x0000026add63e500,
0x0000026adda15190, 0x0000026add9c43e0, 0x0000026adfda8dd0, 0x0000026ae1061040,
0x0000026ae10601d0, 0x0000026ae1061510, 0x0000026ae1061eb0, 0x0000026ae105f360,
0x0000026ae10619e0, 0x0000026ae105f830, 0x0000026ae1062380, 0x0000026ae10606a0,
0x0000026ae105e9c0, 0x0000026ae105ee90, 0x0000026ae1060b70, 0x0000026ae2feee40,
0x0000026ae2ff5350, 0x0000026ae2ff49b0, 0x0000026ae2ff31a0, 0x0000026ae2fef310,
0x0000026ae2ff0b20, 0x0000026ae2ff0ff0, 0x0000026ae2ff1990, 0x0000026ae2ff3b40,
0x0000026ae2ff14c0, 0x0000026ae2ff5820, 0x0000026ae2ff5cf0, 0x0000026ae2ff4e80,
0x0000026ae2ff1e60, 0x0000026ae2ff3670, 0x0000026ae2fee970, 0x0000026ae2fef7e0,
0x0000026ae2fefcb0, 0x0000026ae2ff2cd0, 0x0000026ae2ff2800, 0x0000026ae14aa7e0,
0x0000026ae14ac4c0, 0x0000026ae14ab650, 0x0000026ae14ae1a0, 0x0000026ae14ac990,
0x0000026ae14b11c0, 0x0000026ae14ace60, 0x0000026ae14aeb40, 0x0000026ae14b0cf0,
0x0000026ae14abb20, 0x0000026ae14ad800, 0x0000026ae14af4e0, 0x0000026ae14af9b0,
0x0000026ae14afe80, 0x0000026ae14b1690, 0x0000026ae14aa310, 0x0000026ae14b0820,
0x0000026ae14a9e40, 0x0000026ae14aacb0, 0x0000026adf02e5b0, 0x0000026adf033780,
0x0000026adf02f8f0, 0x0000026adf02ef50, 0x0000026adf0315d0, 0x0000026adf0332b0,
0x0000026adf02fdc0, 0x0000026adf02ea80, 0x0000026adf032440, 0x0000026adf02f420,
0x0000026adf031f70, 0x0000026adf030290, 0x0000026adf030760, 0x0000026adf02d740,
0x0000026adf02c400, 0x0000026adf032910, 0x0000026adf02cda0, 0x0000026adf030c30,
0x0000026adf033c50, 0x0000026adf031100, 0x0000026adf031aa0, 0x0000026adf032de0,
0x0000026adf02d270, 0x0000026adf02dc10, 0x0000026adf02c8d0, 0x0000026adf02e0e0,
0x0000026ae30cb660, 0x0000026ae30c9e50, 0x0000026ae30ca320, 0x0000026ae30c94b0,
0x0000026ae30cf9c0, 0x0000026ae30cdce0, 0x0000026ae30cc4d0, 0x0000026ae30c8b10,
0x0000026ae30ca7f0, 0x0000026ae30ce1b0, 0x0000026ae30ce680, 0x0000026ae30c8fe0,
0x0000026ae30d0360, 0x0000026ae30c9980, 0x0000026ae30cacc0, 0x0000026ae30cd340,
0x0000026ae30cb190, 0x0000026ae30cfe90, 0x0000026ae30cd810, 0x0000026ae30cbb30,
0x0000026ae30cc000, 0x0000026ae30ceb50, 0x0000026ae30cc9a0, 0x0000026ae30cf020,
0x0000026ae30cce70, 0x0000026ae30cf4f0, 0x0000026addf81790, 0x0000026addf7fab0,
0x0000026addf7e2a0, 0x0000026addf7ff80, 0x0000026addf80450, 0x0000026addf80920,
0x0000026addf80df0, 0x0000026addf812c0, 0x0000026addf81c60, 0x0000026addf7e770,
0x0000026addf7ec40, 0x0000026addf7f110, 0x0000026addf7f5e0, 0x0000026ae3333d00,
0x0000026ae33371f0, 0x0000026ae33341d0, 0x0000026ae33393a0, 0x0000026ae3335510,
0x0000026ae33346a0, 0x0000026ae33329c0, 0x0000026ae3338a00, 0x0000026ae3338ed0,
0x0000026ae3337b90, 0x0000026ae3335eb0, 0x0000026ae3339870, 0x0000026ae3335040,
0x0000026ae3334b70, 0x0000026ae3336380, 0x0000026ae3339d40, 0x0000026ae3338060,
0x0000026ae3332e90, 0x0000026ae3333830, 0x0000026ae33359e0, 0x0000026ae3336d20,
0x0000026ae333a210, 0x0000026ae3336850, 0x0000026ae3338530, 0x0000026ae3333360,
0x0000026ae33376c0, 0x0000026ade3f4d10, 0x0000026ade3f7860, 0x0000026ade3fa880,
0x0000026ade3f9070, 0x0000026ade3f9a10, 0x0000026ade3f69f0, 0x0000026ade3fa3b0,
0x0000026ade3f51e0, 0x0000026ade3f6ec0, 0x0000026ade3f8ba0, 0x0000026ade3f7390,
0x0000026ade3fb6f0, 0x0000026ade3f9540
}

Java Threads: ( => current thread )
  0x0000026ac28e9620 JavaThread "main" [_thread_blocked, id=33948, stack(0x0000007931800000,0x0000007931900000)]
  0x0000026adcb7fff0 JavaThread "Reference Handler" daemon [_thread_blocked, id=32788, stack(0x0000007931f00000,0x0000007932000000)]
  0x0000026add43f3f0 JavaThread "Finalizer" daemon [_thread_blocked, id=42756, stack(0x0000007932000000,0x0000007932100000)]
  0x0000026add4999b0 JavaThread "Signal Dispatcher" daemon [_thread_blocked, id=41032, stack(0x0000007932100000,0x0000007932200000)]
  0x0000026add49a560 JavaThread "Attach Listener" daemon [_thread_blocked, id=28536, stack(0x0000007932200000,0x0000007932300000)]
  0x0000026add49d020 JavaThread "Service Thread" daemon [_thread_blocked, id=38264, stack(0x0000007932300000,0x0000007932400000)]
  0x0000026add49d9d0 JavaThread "Monitor Deflation Thread" daemon [_thread_blocked, id=34372, stack(0x0000007932400000,0x0000007932500000)]
  0x0000026add49e6b0 JavaThread "C2 CompilerThread0" daemon [_thread_blocked, id=39080, stack(0x0000007932500000,0x0000007932600000)]
  0x0000026add49f150 JavaThread "C1 CompilerThread0" daemon [_thread_blocked, id=41104, stack(0x0000007932600000,0x0000007932700000)]
  0x0000026add4a1b50 JavaThread "Sweeper thread" daemon [_thread_blocked, id=7400, stack(0x0000007932700000,0x0000007932800000)]
  0x0000026add63e030 JavaThread "Common-Cleaner" daemon [_thread_blocked, id=31048, stack(0x0000007932800000,0x0000007932900000)]
  0x0000026add63e500 JavaThread "Notification Thread" daemon [_thread_blocked, id=31552, stack(0x0000007932900000,0x0000007932a00000)]
  0x0000026adda15190 JavaThread "C2 CompilerThread1" daemon [_thread_blocked, id=41064, stack(0x0000007932b00000,0x0000007932c00000)]
  0x0000026add9c43e0 JavaThread "C2 CompilerThread2" daemon [_thread_blocked, id=41612, stack(0x0000007932c00000,0x0000007932d00000)]
  0x0000026adfda8dd0 JavaThread "Daemon health stats" [_thread_blocked, id=40224, stack(0x0000007933200000,0x0000007933300000)]
  0x0000026ae1061040 JavaThread "Incoming local TCP Connector on port 58133" [_thread_in_native, id=42204, stack(0x0000007933300000,0x0000007933400000)]
  0x0000026ae10601d0 JavaThread "Daemon periodic checks" [_thread_blocked, id=29872, stack(0x0000007933400000,0x0000007933500000)]
  0x0000026ae1061510 JavaThread "Daemon" [_thread_blocked, id=32952, stack(0x0000007933500000,0x0000007933600000)]
  0x0000026ae1061eb0 JavaThread "Handler for socket connection from /127.0.0.1:58133 to /127.0.0.1:58134" [_thread_in_native, id=7444, stack(0x0000007933600000,0x0000007933700000)]
  0x0000026ae105f360 JavaThread "Cancel handler" [_thread_blocked, id=37276, stack(0x0000007933700000,0x0000007933800000)]
  0x0000026ae10619e0 JavaThread "Daemon worker" [_thread_blocked, id=41200, stack(0x0000007933800000,0x0000007933900000)]
  0x0000026ae105f830 JavaThread "Asynchronous log dispatcher for DefaultDaemonConnection: socket connection from /127.0.0.1:58133 to /127.0.0.1:58134" [_thread_blocked, id=28376, stack(0x0000007933900000,0x0000007933a00000)]
  0x0000026ae1062380 JavaThread "Stdin handler" [_thread_blocked, id=41020, stack(0x0000007933a00000,0x0000007933b00000)]
  0x0000026ae10606a0 JavaThread "Daemon client event forwarder" [_thread_blocked, id=42836, stack(0x0000007933b00000,0x0000007933c00000)]
  0x0000026ae105e9c0 JavaThread "Cache worker for journal cache (C:\Users\USUARIO\.gradle\caches\journal-1)" [_thread_blocked, id=12380, stack(0x0000007934200000,0x0000007934300000)]
  0x0000026ae105ee90 JavaThread "File lock request listener" [_thread_in_native, id=37956, stack(0x0000007934300000,0x0000007934400000)]
  0x0000026ae1060b70 JavaThread "Cache worker for file hash cache (C:\Users\USUARIO\.gradle\caches\8.0\fileHashes)" [_thread_blocked, id=41704, stack(0x0000007934400000,0x0000007934500000)]
  0x0000026ae2feee40 JavaThread "File watcher server" daemon [_thread_in_native, id=36204, stack(0x0000007934500000,0x0000007934600000)]
  0x0000026ae2ff5350 JavaThread "File watcher consumer" daemon [_thread_blocked, id=42592, stack(0x0000007934600000,0x0000007934700000)]
  0x0000026ae2ff49b0 JavaThread "jar transforms" [_thread_blocked, id=38956, stack(0x0000007934700000,0x0000007934800000)]
  0x0000026ae2ff31a0 JavaThread "jar transforms Thread 2" [_thread_blocked, id=15580, stack(0x0000007934800000,0x0000007934900000)]
  0x0000026ae2fef310 JavaThread "jar transforms Thread 3" [_thread_blocked, id=41636, stack(0x0000007934900000,0x0000007934a00000)]
  0x0000026ae2ff0b20 JavaThread "jar transforms Thread 4" [_thread_blocked, id=42060, stack(0x0000007934a00000,0x0000007934b00000)]
  0x0000026ae2ff0ff0 JavaThread "jar transforms Thread 5" [_thread_blocked, id=41188, stack(0x0000007934b00000,0x0000007934c00000)]
  0x0000026ae2ff1990 JavaThread "jar transforms Thread 6" [_thread_blocked, id=38872, stack(0x0000007934c00000,0x0000007934d00000)]
  0x0000026ae2ff3b40 JavaThread "jar transforms Thread 7" [_thread_blocked, id=20520, stack(0x0000007934d00000,0x0000007934e00000)]
  0x0000026ae2ff14c0 JavaThread "jar transforms Thread 8" [_thread_blocked, id=40876, stack(0x0000007934e00000,0x0000007934f00000)]
  0x0000026ae2ff5820 JavaThread "jar transforms Thread 9" [_thread_blocked, id=38344, stack(0x0000007934f00000,0x0000007935000000)]
  0x0000026ae2ff5cf0 JavaThread "jar transforms Thread 10" [_thread_blocked, id=27224, stack(0x0000007935000000,0x0000007935100000)]
  0x0000026ae2ff4e80 JavaThread "jar transforms Thread 11" [_thread_blocked, id=36936, stack(0x0000007935100000,0x0000007935200000)]
  0x0000026ae2ff1e60 JavaThread "jar transforms Thread 12" [_thread_blocked, id=39072, stack(0x0000007935200000,0x0000007935300000)]
  0x0000026ae2ff3670 JavaThread "Cache worker for checksums cache (C:\Users\USUARIO\AndroidStudioProjects\PetCare\.gradle\8.0\checksums)" [_thread_blocked, id=39060, stack(0x0000007935300000,0x0000007935400000)]
  0x0000026ae2fee970 JavaThread "Cache worker for cache directory md-rule (C:\Users\USUARIO\.gradle\caches\8.0\md-rule)" [_thread_blocked, id=41100, stack(0x0000007935400000,0x0000007935500000)]
  0x0000026ae2fef7e0 JavaThread "Cache worker for file content cache (C:\Users\USUARIO\.gradle\caches\8.0\fileContent)" [_thread_blocked, id=42844, stack(0x0000007935500000,0x0000007935600000)]
  0x0000026ae2fefcb0 JavaThread "Cache worker for file hash cache (C:\Users\USUARIO\AndroidStudioProjects\PetCare\.gradle\8.0\fileHashes)" [_thread_blocked, id=41548, stack(0x0000007935600000,0x0000007935700000)]
  0x0000026ae2ff2cd0 JavaThread "Cache worker for cache directory md-supplier (C:\Users\USUARIO\.gradle\caches\8.0\md-supplier)" [_thread_blocked, id=42684, stack(0x0000007935700000,0x0000007935800000)]
  0x0000026ae2ff2800 JavaThread "Cache worker for execution history cache (C:\Users\USUARIO\.gradle\caches\8.0\executionHistory)" [_thread_blocked, id=42532, stack(0x0000007935800000,0x0000007935900000)]
  0x0000026ae14aa7e0 JavaThread "Cache worker for dependencies-accessors (C:\Users\USUARIO\AndroidStudioProjects\PetCare\.gradle\8.0\dependencies-accessors)" [_thread_blocked, id=41560, stack(0x0000007935900000,0x0000007935a00000)]
  0x0000026ae14ac4c0 JavaThread "Cache worker for Build Output Cleanup Cache (C:\Users\USUARIO\AndroidStudioProjects\PetCare\.gradle\buildOutputCleanup)" [_thread_blocked, id=23368, stack(0x0000007935a00000,0x0000007935b00000)]
  0x0000026ae14ab650 JavaThread "Unconstrained build operations" [_thread_blocked, id=33700, stack(0x0000007935b00000,0x0000007935c00000)]
  0x0000026ae14ae1a0 JavaThread "Unconstrained build operations Thread 2" [_thread_blocked, id=32980, stack(0x0000007935c00000,0x0000007935d00000)]
  0x0000026ae14ac990 JavaThread "Unconstrained build operations Thread 3" [_thread_blocked, id=34144, stack(0x0000007935d00000,0x0000007935e00000)]
  0x0000026ae14b11c0 JavaThread "Unconstrained build operations Thread 4" [_thread_blocked, id=8940, stack(0x0000007935e00000,0x0000007935f00000)]
  0x0000026ae14ace60 JavaThread "Unconstrained build operations Thread 5" [_thread_blocked, id=39324, stack(0x0000007935f00000,0x0000007936000000)]
  0x0000026ae14aeb40 JavaThread "Unconstrained build operations Thread 6" [_thread_blocked, id=42460, stack(0x0000007936000000,0x0000007936100000)]
  0x0000026ae14b0cf0 JavaThread "Unconstrained build operations Thread 7" [_thread_blocked, id=19312, stack(0x0000007936100000,0x0000007936200000)]
  0x0000026ae14abb20 JavaThread "Unconstrained build operations Thread 8" [_thread_blocked, id=35184, stack(0x0000007936200000,0x0000007936300000)]
  0x0000026ae14ad800 JavaThread "Unconstrained build operations Thread 9" [_thread_blocked, id=40048, stack(0x0000007936300000,0x0000007936400000)]
  0x0000026ae14af4e0 JavaThread "Unconstrained build operations Thread 10" [_thread_blocked, id=41448, stack(0x0000007936400000,0x0000007936500000)]
  0x0000026ae14af9b0 JavaThread "Unconstrained build operations Thread 11" [_thread_blocked, id=42088, stack(0x0000007936500000,0x0000007936600000)]
  0x0000026ae14afe80 JavaThread "Unconstrained build operations Thread 12" [_thread_blocked, id=12844, stack(0x0000007936600000,0x0000007936700000)]
  0x0000026ae14b1690 JavaThread "Unconstrained build operations Thread 13" [_thread_blocked, id=25968, stack(0x0000007936700000,0x0000007936800000)]
  0x0000026ae14aa310 JavaThread "Unconstrained build operations Thread 14" [_thread_blocked, id=42240, stack(0x0000007936800000,0x0000007936900000)]
  0x0000026ae14b0820 JavaThread "Unconstrained build operations Thread 15" [_thread_blocked, id=42456, stack(0x0000007936900000,0x0000007936a00000)]
  0x0000026ae14a9e40 JavaThread "Unconstrained build operations Thread 16" [_thread_blocked, id=42364, stack(0x0000007936a00000,0x0000007936b00000)]
  0x0000026ae14aacb0 JavaThread "Unconstrained build operations Thread 17" [_thread_blocked, id=41668, stack(0x0000007936b00000,0x0000007936c00000)]
  0x0000026adf02e5b0 JavaThread "Unconstrained build operations Thread 18" [_thread_blocked, id=42188, stack(0x0000007936c00000,0x0000007936d00000)]
  0x0000026adf033780 JavaThread "Unconstrained build operations Thread 19" [_thread_blocked, id=40532, stack(0x0000007936d00000,0x0000007936e00000)]
  0x0000026adf02f8f0 JavaThread "Unconstrained build operations Thread 20" [_thread_blocked, id=11996, stack(0x0000007936e00000,0x0000007936f00000)]
  0x0000026adf02ef50 JavaThread "Unconstrained build operations Thread 21" [_thread_blocked, id=42932, stack(0x0000007936f00000,0x0000007937000000)]
  0x0000026adf0315d0 JavaThread "Unconstrained build operations Thread 22" [_thread_blocked, id=34844, stack(0x0000007937000000,0x0000007937100000)]
  0x0000026adf0332b0 JavaThread "Unconstrained build operations Thread 23" [_thread_blocked, id=42276, stack(0x0000007937100000,0x0000007937200000)]
  0x0000026adf02fdc0 JavaThread "Unconstrained build operations Thread 24" [_thread_blocked, id=39964, stack(0x0000007937200000,0x0000007937300000)]
  0x0000026adf02ea80 JavaThread "Unconstrained build operations Thread 25" [_thread_blocked, id=27144, stack(0x0000007937300000,0x0000007937400000)]
  0x0000026adf032440 JavaThread "Unconstrained build operations Thread 26" [_thread_blocked, id=32548, stack(0x0000007937400000,0x0000007937500000)]
  0x0000026adf02f420 JavaThread "Unconstrained build operations Thread 27" [_thread_blocked, id=28196, stack(0x0000007937500000,0x0000007937600000)]
  0x0000026adf031f70 JavaThread "Unconstrained build operations Thread 28" [_thread_blocked, id=42056, stack(0x0000007937600000,0x0000007937700000)]
  0x0000026adf030290 JavaThread "Unconstrained build operations Thread 29" [_thread_blocked, id=34676, stack(0x0000007937700000,0x0000007937800000)]
  0x0000026adf030760 JavaThread "Unconstrained build operations Thread 30" [_thread_blocked, id=40376, stack(0x0000007937800000,0x0000007937900000)]
  0x0000026adf02d740 JavaThread "Unconstrained build operations Thread 31" [_thread_blocked, id=42168, stack(0x0000007937900000,0x0000007937a00000)]
  0x0000026adf02c400 JavaThread "Unconstrained build operations Thread 32" [_thread_blocked, id=40076, stack(0x0000007937a00000,0x0000007937b00000)]
  0x0000026adf032910 JavaThread "Unconstrained build operations Thread 33" [_thread_blocked, id=38628, stack(0x0000007937b00000,0x0000007937c00000)]
  0x0000026adf02cda0 JavaThread "Unconstrained build operations Thread 34" [_thread_blocked, id=39460, stack(0x0000007937c00000,0x0000007937d00000)]
  0x0000026adf030c30 JavaThread "Unconstrained build operations Thread 35" [_thread_blocked, id=27268, stack(0x0000007937d00000,0x0000007937e00000)]
  0x0000026adf033c50 JavaThread "Unconstrained build operations Thread 36" [_thread_blocked, id=31572, stack(0x0000007937e00000,0x0000007937f00000)]
  0x0000026adf031100 JavaThread "Unconstrained build operations Thread 37" [_thread_blocked, id=40788, stack(0x0000007937f00000,0x0000007938000000)]
  0x0000026adf031aa0 JavaThread "Unconstrained build operations Thread 38" [_thread_blocked, id=41700, stack(0x0000007938000000,0x0000007938100000)]
  0x0000026adf032de0 JavaThread "Unconstrained build operations Thread 39" [_thread_blocked, id=38748, stack(0x0000007938100000,0x0000007938200000)]
  0x0000026adf02d270 JavaThread "Unconstrained build operations Thread 40" [_thread_blocked, id=41512, stack(0x0000007938200000,0x0000007938300000)]
  0x0000026adf02dc10 JavaThread "Unconstrained build operations Thread 41" [_thread_blocked, id=27152, stack(0x0000007938300000,0x0000007938400000)]
  0x0000026adf02c8d0 JavaThread "Unconstrained build operations Thread 42" [_thread_blocked, id=39628, stack(0x0000007938400000,0x0000007938500000)]
  0x0000026adf02e0e0 JavaThread "Unconstrained build operations Thread 43" [_thread_blocked, id=36580, stack(0x0000007938500000,0x0000007938600000)]
  0x0000026ae30cb660 JavaThread "Unconstrained build operations Thread 44" [_thread_blocked, id=42300, stack(0x0000007938600000,0x0000007938700000)]
  0x0000026ae30c9e50 JavaThread "Unconstrained build operations Thread 45" [_thread_blocked, id=42384, stack(0x0000007938700000,0x0000007938800000)]
  0x0000026ae30ca320 JavaThread "Unconstrained build operations Thread 46" [_thread_blocked, id=38168, stack(0x0000007938800000,0x0000007938900000)]
  0x0000026ae30c94b0 JavaThread "Unconstrained build operations Thread 47" [_thread_blocked, id=42124, stack(0x0000007938900000,0x0000007938a00000)]
  0x0000026ae30cf9c0 JavaThread "Unconstrained build operations Thread 48" [_thread_blocked, id=39944, stack(0x0000007938a00000,0x0000007938b00000)]
  0x0000026ae30cdce0 JavaThread "Unconstrained build operations Thread 49" [_thread_blocked, id=29496, stack(0x0000007938b00000,0x0000007938c00000)]
  0x0000026ae30cc4d0 JavaThread "Unconstrained build operations Thread 50" [_thread_blocked, id=24300, stack(0x0000007938c00000,0x0000007938d00000)]
  0x0000026ae30c8b10 JavaThread "Unconstrained build operations Thread 51" [_thread_blocked, id=38544, stack(0x0000007938d00000,0x0000007938e00000)]
  0x0000026ae30ca7f0 JavaThread "Unconstrained build operations Thread 52" [_thread_blocked, id=41008, stack(0x0000007938e00000,0x0000007938f00000)]
  0x0000026ae30ce1b0 JavaThread "Unconstrained build operations Thread 53" [_thread_blocked, id=41876, stack(0x0000007938f00000,0x0000007939000000)]
  0x0000026ae30ce680 JavaThread "Unconstrained build operations Thread 54" [_thread_blocked, id=10668, stack(0x0000007939000000,0x0000007939100000)]
  0x0000026ae30c8fe0 JavaThread "Unconstrained build operations Thread 55" [_thread_blocked, id=41908, stack(0x0000007939100000,0x0000007939200000)]
  0x0000026ae30d0360 JavaThread "Unconstrained build operations Thread 56" [_thread_blocked, id=42864, stack(0x0000007939200000,0x0000007939300000)]
  0x0000026ae30c9980 JavaThread "Unconstrained build operations Thread 57" [_thread_blocked, id=41996, stack(0x0000007939300000,0x0000007939400000)]
  0x0000026ae30cacc0 JavaThread "Unconstrained build operations Thread 58" [_thread_blocked, id=42648, stack(0x0000007939400000,0x0000007939500000)]
  0x0000026ae30cd340 JavaThread "Unconstrained build operations Thread 59" [_thread_blocked, id=42396, stack(0x0000007939500000,0x0000007939600000)]
  0x0000026ae30cb190 JavaThread "Unconstrained build operations Thread 60" [_thread_blocked, id=39596, stack(0x0000007939600000,0x0000007939700000)]
  0x0000026ae30cfe90 JavaThread "Unconstrained build operations Thread 61" [_thread_blocked, id=34016, stack(0x0000007939700000,0x0000007939800000)]
  0x0000026ae30cd810 JavaThread "Unconstrained build operations Thread 62" [_thread_blocked, id=40540, stack(0x0000007939800000,0x0000007939900000)]
  0x0000026ae30cbb30 JavaThread "Unconstrained build operations Thread 63" [_thread_blocked, id=38232, stack(0x0000007939900000,0x0000007939a00000)]
  0x0000026ae30cc000 JavaThread "Unconstrained build operations Thread 64" [_thread_blocked, id=42840, stack(0x0000007939a00000,0x0000007939b00000)]
  0x0000026ae30ceb50 JavaThread "Unconstrained build operations Thread 65" [_thread_blocked, id=37256, stack(0x0000007939b00000,0x0000007939c00000)]
  0x0000026ae30cc9a0 JavaThread "Unconstrained build operations Thread 66" [_thread_blocked, id=40248, stack(0x0000007939c00000,0x0000007939d00000)]
  0x0000026ae30cf020 JavaThread "Unconstrained build operations Thread 67" [_thread_blocked, id=34668, stack(0x0000007939d00000,0x0000007939e00000)]
  0x0000026ae30cce70 JavaThread "Unconstrained build operations Thread 68" [_thread_blocked, id=42580, stack(0x0000007939e00000,0x0000007939f00000)]
  0x0000026ae30cf4f0 JavaThread "Unconstrained build operations Thread 69" [_thread_blocked, id=42020, stack(0x0000007939f00000,0x000000793a000000)]
  0x0000026addf81790 JavaThread "Unconstrained build operations Thread 70" [_thread_blocked, id=40712, stack(0x000000793a000000,0x000000793a100000)]
  0x0000026addf7fab0 JavaThread "Unconstrained build operations Thread 71" [_thread_blocked, id=13632, stack(0x000000793a100000,0x000000793a200000)]
  0x0000026addf7e2a0 JavaThread "Unconstrained build operations Thread 72" [_thread_blocked, id=40952, stack(0x000000793a200000,0x000000793a300000)]
  0x0000026addf7ff80 JavaThread "Unconstrained build operations Thread 73" [_thread_blocked, id=28644, stack(0x000000793a300000,0x000000793a400000)]
  0x0000026addf80450 JavaThread "Unconstrained build operations Thread 74" [_thread_blocked, id=36944, stack(0x000000793a400000,0x000000793a500000)]
  0x0000026addf80920 JavaThread "Unconstrained build operations Thread 75" [_thread_blocked, id=10888, stack(0x000000793a500000,0x000000793a600000)]
  0x0000026addf80df0 JavaThread "Unconstrained build operations Thread 76" [_thread_blocked, id=41772, stack(0x000000793a600000,0x000000793a700000)]
  0x0000026addf812c0 JavaThread "Unconstrained build operations Thread 77" [_thread_blocked, id=41708, stack(0x000000793a700000,0x000000793a800000)]
  0x0000026addf81c60 JavaThread "Unconstrained build operations Thread 78" [_thread_blocked, id=25740, stack(0x000000793a800000,0x000000793a900000)]
  0x0000026addf7e770 JavaThread "Unconstrained build operations Thread 79" [_thread_blocked, id=42164, stack(0x000000793a900000,0x000000793aa00000)]
  0x0000026addf7ec40 JavaThread "Unconstrained build operations Thread 80" [_thread_blocked, id=33352, stack(0x000000793aa00000,0x000000793ab00000)]
  0x0000026addf7f110 JavaThread "Unconstrained build operations Thread 81" [_thread_blocked, id=39144, stack(0x000000793ab00000,0x000000793ac00000)]
  0x0000026addf7f5e0 JavaThread "Unconstrained build operations Thread 82" [_thread_blocked, id=42920, stack(0x000000793ac00000,0x000000793ad00000)]
  0x0000026ae3333d00 JavaThread "Unconstrained build operations Thread 83" [_thread_blocked, id=40984, stack(0x000000793ad00000,0x000000793ae00000)]
  0x0000026ae33371f0 JavaThread "Unconstrained build operations Thread 84" [_thread_blocked, id=37248, stack(0x000000793ae00000,0x000000793af00000)]
  0x0000026ae33341d0 JavaThread "Unconstrained build operations Thread 85" [_thread_blocked, id=42116, stack(0x000000793af00000,0x000000793b000000)]
  0x0000026ae33393a0 JavaThread "Unconstrained build operations Thread 86" [_thread_blocked, id=16840, stack(0x000000793b000000,0x000000793b100000)]
  0x0000026ae3335510 JavaThread "Unconstrained build operations Thread 87" [_thread_blocked, id=26116, stack(0x000000793b100000,0x000000793b200000)]
  0x0000026ae33346a0 JavaThread "Unconstrained build operations Thread 88" [_thread_blocked, id=38040, stack(0x000000793b200000,0x000000793b300000)]
  0x0000026ae33329c0 JavaThread "Unconstrained build operations Thread 89" [_thread_blocked, id=42440, stack(0x000000793b300000,0x000000793b400000)]
  0x0000026ae3338a00 JavaThread "Unconstrained build operations Thread 90" [_thread_blocked, id=22516, stack(0x000000793b400000,0x000000793b500000)]
  0x0000026ae3338ed0 JavaThread "Unconstrained build operations Thread 91" [_thread_blocked, id=34660, stack(0x000000793b500000,0x000000793b600000)]
  0x0000026ae3337b90 JavaThread "Unconstrained build operations Thread 92" [_thread_blocked, id=42960, stack(0x000000793b600000,0x000000793b700000)]
  0x0000026ae3335eb0 JavaThread "Unconstrained build operations Thread 93" [_thread_blocked, id=21560, stack(0x000000793b700000,0x000000793b800000)]
  0x0000026ae3339870 JavaThread "Unconstrained build operations Thread 94" [_thread_blocked, id=42112, stack(0x000000793b800000,0x000000793b900000)]
  0x0000026ae3335040 JavaThread "Unconstrained build operations Thread 95" [_thread_blocked, id=22852, stack(0x000000793b900000,0x000000793ba00000)]
  0x0000026ae3334b70 JavaThread "Unconstrained build operations Thread 96" [_thread_blocked, id=42372, stack(0x000000793ba00000,0x000000793bb00000)]
  0x0000026ae3336380 JavaThread "Unconstrained build operations Thread 97" [_thread_blocked, id=26424, stack(0x000000793bb00000,0x000000793bc00000)]
  0x0000026ae3339d40 JavaThread "Unconstrained build operations Thread 98" [_thread_blocked, id=1700, stack(0x000000793bc00000,0x000000793bd00000)]
  0x0000026ae3338060 JavaThread "Unconstrained build operations Thread 99" [_thread_blocked, id=39160, stack(0x000000793bd00000,0x000000793be00000)]
  0x0000026ae3332e90 JavaThread "Unconstrained build operations Thread 100" [_thread_blocked, id=40272, stack(0x000000793be00000,0x000000793bf00000)]
  0x0000026ae3333830 JavaThread "Unconstrained build operations Thread 101" [_thread_blocked, id=42540, stack(0x000000793bf00000,0x000000793c000000)]
  0x0000026ae33359e0 JavaThread "Unconstrained build operations Thread 102" [_thread_blocked, id=39200, stack(0x000000793c000000,0x000000793c100000)]
  0x0000026ae3336d20 JavaThread "Unconstrained build operations Thread 103" [_thread_blocked, id=36512, stack(0x000000793c100000,0x000000793c200000)]
  0x0000026ae333a210 JavaThread "Unconstrained build operations Thread 104" [_thread_blocked, id=42368, stack(0x000000793c200000,0x000000793c300000)]
  0x0000026ae3336850 JavaThread "Unconstrained build operations Thread 105" [_thread_blocked, id=40744, stack(0x000000793c300000,0x000000793c400000)]
  0x0000026ae3338530 JavaThread "Unconstrained build operations Thread 106" [_thread_blocked, id=42564, stack(0x000000793c400000,0x000000793c500000)]
  0x0000026ae3333360 JavaThread "Unconstrained build operations Thread 107" [_thread_blocked, id=3136, stack(0x000000793c500000,0x000000793c600000)]
  0x0000026ae33376c0 JavaThread "Unconstrained build operations Thread 108" [_thread_blocked, id=41644, stack(0x000000793c600000,0x000000793c700000)]
  0x0000026ade3f4d10 JavaThread "Unconstrained build operations Thread 109" [_thread_blocked, id=37976, stack(0x000000793c700000,0x000000793c800000)]
  0x0000026ade3f7860 JavaThread "Unconstrained build operations Thread 110" [_thread_blocked, id=41744, stack(0x000000793c800000,0x000000793c900000)]
  0x0000026ade3fa880 JavaThread "Unconstrained build operations Thread 111" [_thread_blocked, id=3336, stack(0x000000793c900000,0x000000793ca00000)]
  0x0000026ade3f9070 JavaThread "Unconstrained build operations Thread 112" [_thread_blocked, id=40192, stack(0x000000793ca00000,0x000000793cb00000)]
  0x0000026ade3f9a10 JavaThread "Unconstrained build operations Thread 113" [_thread_blocked, id=42492, stack(0x000000793cb00000,0x000000793cc00000)]
  0x0000026ade3f69f0 JavaThread "Unconstrained build operations Thread 114" [_thread_blocked, id=41716, stack(0x000000793cc00000,0x000000793cd00000)]
  0x0000026ade3fa3b0 JavaThread "Unconstrained build operations Thread 115" [_thread_blocked, id=12444, stack(0x000000793cd00000,0x000000793ce00000)]
  0x0000026ade3f51e0 JavaThread "Unconstrained build operations Thread 116" [_thread_blocked, id=10544, stack(0x000000793ce00000,0x000000793cf00000)]
  0x0000026ade3f6ec0 JavaThread "Unconstrained build operations Thread 117" [_thread_blocked, id=21112, stack(0x000000793cf00000,0x000000793d000000)]
  0x0000026ade3f8ba0 JavaThread "Unconstrained build operations Thread 118" [_thread_blocked, id=25536, stack(0x000000793d000000,0x000000793d100000)]
  0x0000026ade3f7390 JavaThread "Unconstrained build operations Thread 119" [_thread_blocked, id=41128, stack(0x000000793d100000,0x000000793d200000)]
  0x0000026ade3fb6f0 JavaThread "Unconstrained build operations Thread 120" [_thread_blocked, id=40760, stack(0x000000793d200000,0x000000793d300000)]
  0x0000026ade3f9540 JavaThread "Memory manager" [_thread_blocked, id=42128, stack(0x000000793d300000,0x000000793d400000)]

Other Threads:
=>0x0000026adcb9ddf0 VMThread "VM Thread" [stack: 0x0000007931e00000,0x0000007931f00000] [id=41468]
  0x0000026ac29815a0 WatcherThread [stack: 0x0000007932a00000,0x0000007932b00000] [id=42676]
  0x0000026ac2944cc0 GCTaskThread "GC Thread#0" [stack: 0x0000007931900000,0x0000007931a00000] [id=32740]
  0x0000026ade5d60a0 GCTaskThread "GC Thread#1" [stack: 0x0000007932d00000,0x0000007932e00000] [id=42512]
  0x0000026ade5d6760 GCTaskThread "GC Thread#2" [stack: 0x0000007932e00000,0x0000007932f00000] [id=42800]
  0x0000026ade5d6a10 GCTaskThread "GC Thread#3" [stack: 0x0000007932f00000,0x0000007933000000] [id=19884]
  0x0000026ade64b3a0 GCTaskThread "GC Thread#4" [stack: 0x0000007933000000,0x0000007933100000] [id=42572]
  0x0000026ade64b650 GCTaskThread "GC Thread#5" [stack: 0x0000007933100000,0x0000007933200000] [id=41464]
  0x0000026adfe2deb0 GCTaskThread "GC Thread#6" [stack: 0x0000007933c00000,0x0000007933d00000] [id=39428]
  0x0000026adfe2e6c0 GCTaskThread "GC Thread#7" [stack: 0x0000007933d00000,0x0000007933e00000] [id=34152]
  0x0000026adfe2ce90 GCTaskThread "GC Thread#8" [stack: 0x0000007933e00000,0x0000007933f00000] [id=30796]
  0x0000026adfe2e160 GCTaskThread "GC Thread#9" [stack: 0x0000007933f00000,0x0000007934000000] [id=40448]
  0x0000026ac2955c00 ConcurrentGCThread "G1 Main Marker" [stack: 0x0000007931a00000,0x0000007931b00000] [id=41616]
  0x0000026ac2956610 ConcurrentGCThread "G1 Conc#0" [stack: 0x0000007931b00000,0x0000007931c00000] [id=13040]
  0x0000026adfe2d140 ConcurrentGCThread "G1 Conc#1" [stack: 0x0000007934000000,0x0000007934100000] [id=22836]
  0x0000026adfe2d3f0 ConcurrentGCThread "G1 Conc#2" [stack: 0x0000007934100000,0x0000007934200000] [id=42876]
  0x0000026adca30170 ConcurrentGCThread "G1 Refine#0" [stack: 0x0000007931c00000,0x0000007931d00000] [id=35228]
  0x0000026adca309a0 ConcurrentGCThread "G1 Service" [stack: 0x0000007931d00000,0x0000007931e00000] [id=41136]

Threads with active compile tasks:
C2 CompilerThread0     6723 7486 %     4       java.math.BigInteger::implSquareToLen @ 9 (154 bytes)
C2 CompilerThread1     6723 7488 %     4       java.math.BigInteger::shiftLeftImplWorker @ 9 (43 bytes)
C2 CompilerThread2     6723 7404 % !   4       java.util.jar.Attributes::read @ 214 (494 bytes)

VM state: at safepoint (normal execution)

VM Mutex/Monitor currently owned by a thread:  ([mutex/lock_event])
[0x0000026ac28e3d50] Threads_lock - owner thread: 0x0000026adcb9ddf0
[0x0000026ac28e3180] Heap_lock - owner thread: 0x0000026ae10619e0

Heap address: 0x0000000080000000, size: 2048 MB, Compressed Oops mode: 32-bit

CDS archive(s) not mapped
Compressed class space mapped at: 0x0000000100000000-0x0000000140000000, reserved size: 1073741824
Narrow klass base: 0x0000000000000000, Narrow klass shift: 3, Narrow klass range: 0x140000000

GC Precious Log:
 CPUs: 12 total, 12 available
 Memory: 16221M
 Large Page Support: Disabled
 NUMA Support: Disabled
 Compressed Oops: Enabled (32-bit)
 Heap Region Size: 1M
 Heap Min Capacity: 8M
 Heap Initial Capacity: 254M
 Heap Max Capacity: 2G
 Pre-touch: Disabled
 Parallel Workers: 10
 Concurrent Workers: 3
 Concurrent Refinement Workers: 10
 Periodic GC: Disabled

Heap:
 garbage-first heap   total 219136K, used 127076K [0x0000000080000000, 0x0000000100000000)
  region size 1024K, 3 young (3072K), 3 survivors (3072K)
 Metaspace       used 70073K, committed 70656K, reserved 1114112K
  class space    used 9400K, committed 9664K, reserved 1048576K

Heap Regions: E=young(eden), S=young(survivor), O=old, HS=humongous(starts), HC=humongous(continues), CS=collection set, F=free, OA=open archive, CA=closed archive, TAMS=top-at-mark-start (previous, next)
|   0|0x0000000080000000, 0x0000000080100000, 0x0000000080100000|100%|HS|  |TAMS 0x0000000080100000, 0x0000000080100000| Complete 
|   1|0x0000000080100000, 0x0000000080200000, 0x0000000080200000|100%|HC|  |TAMS 0x0000000080200000, 0x0000000080200000| Complete 
|   2|0x0000000080200000, 0x0000000080300000, 0x0000000080300000|100%|HC|  |TAMS 0x0000000080300000, 0x0000000080300000| Complete 
|   3|0x0000000080300000, 0x0000000080400000, 0x0000000080400000|100%|HC|  |TAMS 0x0000000080400000, 0x0000000080400000| Complete 
|   4|0x0000000080400000, 0x0000000080500000, 0x0000000080500000|100%| O|  |TAMS 0x0000000080500000, 0x0000000080500000| Untracked 
|   5|0x0000000080500000, 0x0000000080600000, 0x0000000080600000|100%| O|  |TAMS 0x0000000080600000, 0x0000000080600000| Untracked 
|   6|0x0000000080600000, 0x0000000080700000, 0x0000000080700000|100%| O|  |TAMS 0x0000000080700000, 0x0000000080700000| Untracked 
|   7|0x0000000080700000, 0x0000000080800000, 0x0000000080800000|100%| O|  |TAMS 0x0000000080800000, 0x0000000080800000| Untracked 
|   8|0x0000000080800000, 0x0000000080900000, 0x0000000080900000|100%| O|  |TAMS 0x0000000080900000, 0x0000000080900000| Untracked 
|   9|0x0000000080900000, 0x0000000080a00000, 0x0000000080a00000|100%| O|  |TAMS 0x0000000080a00000, 0x0000000080a00000| Untracked 
|  10|0x0000000080a00000, 0x0000000080b00000, 0x0000000080b00000|100%| O|  |TAMS 0x0000000080b00000, 0x0000000080b00000| Untracked 
|  11|0x0000000080b00000, 0x0000000080c00000, 0x0000000080c00000|100%| O|  |TAMS 0x0000000080c00000, 0x0000000080c00000| Untracked 
|  12|0x0000000080c00000, 0x0000000080d00000, 0x0000000080d00000|100%| O|  |TAMS 0x0000000080d00000, 0x0000000080d00000| Untracked 
|  13|0x0000000080d00000, 0x0000000080e00000, 0x0000000080e00000|100%| O|  |TAMS 0x0000000080e00000, 0x0000000080e00000| Untracked 
|  14|0x0000000080e00000, 0x0000000080f00000, 0x0000000080f00000|100%| O|  |TAMS 0x0000000080f00000, 0x0000000080f00000| Untracked 
|  15|0x0000000080f00000, 0x0000000081000000, 0x0000000081000000|100%| O|  |TAMS 0x0000000081000000, 0x0000000081000000| Untracked 
|  16|0x0000000081000000, 0x0000000081100000, 0x0000000081100000|100%| O|  |TAMS 0x0000000081100000, 0x0000000081100000| Untracked 
|  17|0x0000000081100000, 0x0000000081200000, 0x0000000081200000|100%| O|  |TAMS 0x0000000081200000, 0x0000000081200000| Untracked 
|  18|0x0000000081200000, 0x0000000081300000, 0x0000000081300000|100%| O|  |TAMS 0x0000000081300000, 0x0000000081300000| Untracked 
|  19|0x0000000081300000, 0x0000000081400000, 0x0000000081400000|100%| O|  |TAMS 0x0000000081400000, 0x0000000081400000| Untracked 
|  20|0x0000000081400000, 0x0000000081500000, 0x0000000081500000|100%| O|  |TAMS 0x0000000081500000, 0x0000000081500000| Untracked 
|  21|0x0000000081500000, 0x0000000081600000, 0x0000000081600000|100%|HS|  |TAMS 0x0000000081600000, 0x0000000081600000| Complete 
|  22|0x0000000081600000, 0x0000000081700000, 0x0000000081700000|100%|HC|  |TAMS 0x0000000081700000, 0x0000000081700000| Complete 
|  23|0x0000000081700000, 0x0000000081800000, 0x0000000081800000|100%|HS|  |TAMS 0x0000000081800000, 0x0000000081800000| Complete 
|  24|0x0000000081800000, 0x0000000081900000, 0x0000000081900000|100%|HC|  |TAMS 0x0000000081900000, 0x0000000081900000| Complete 
|  25|0x0000000081900000, 0x0000000081a00000, 0x0000000081a00000|100%|HC|  |TAMS 0x0000000081a00000, 0x0000000081a00000| Complete 
|  26|0x0000000081a00000, 0x0000000081b00000, 0x0000000081b00000|100%|HS|  |TAMS 0x0000000081b00000, 0x0000000081b00000| Complete 
|  27|0x0000000081b00000, 0x0000000081c00000, 0x0000000081c00000|100%|HC|  |TAMS 0x0000000081c00000, 0x0000000081c00000| Complete 
|  28|0x0000000081c00000, 0x0000000081d00000, 0x0000000081d00000|100%|HC|  |TAMS 0x0000000081d00000, 0x0000000081d00000| Complete 
|  29|0x0000000081d00000, 0x0000000081e00000, 0x0000000081e00000|100%|HS|  |TAMS 0x0000000081e00000, 0x0000000081e00000| Complete 
|  30|0x0000000081e00000, 0x0000000081f00000, 0x0000000081f00000|100%|HC|  |TAMS 0x0000000081f00000, 0x0000000081f00000| Complete 
|  31|0x0000000081f00000, 0x0000000082000000, 0x0000000082000000|100%| O|  |TAMS 0x0000000082000000, 0x0000000082000000| Untracked 
|  32|0x0000000082000000, 0x0000000082100000, 0x0000000082100000|100%| O|  |TAMS 0x0000000082100000, 0x0000000082100000| Untracked 
|  33|0x0000000082100000, 0x0000000082200000, 0x0000000082200000|100%| O|  |TAMS 0x0000000082200000, 0x0000000082200000| Untracked 
|  34|0x0000000082200000, 0x0000000082300000, 0x0000000082300000|100%|HS|  |TAMS 0x0000000082300000, 0x0000000082300000| Complete 
|  35|0x0000000082300000, 0x0000000082400000, 0x0000000082400000|100%|HC|  |TAMS 0x0000000082400000, 0x0000000082400000| Complete 
|  36|0x0000000082400000, 0x0000000082500000, 0x0000000082500000|100%|HS|  |TAMS 0x0000000082500000, 0x0000000082500000| Complete 
|  37|0x0000000082500000, 0x0000000082600000, 0x0000000082600000|100%|HC|  |TAMS 0x0000000082600000, 0x0000000082600000| Complete 
|  38|0x0000000082600000, 0x0000000082700000, 0x0000000082700000|100%|HC|  |TAMS 0x0000000082700000, 0x0000000082700000| Complete 
|  39|0x0000000082700000, 0x0000000082800000, 0x0000000082800000|100%|HC|  |TAMS 0x0000000082800000, 0x0000000082800000| Complete 
|  40|0x0000000082800000, 0x0000000082900000, 0x0000000082900000|100%|HC|  |TAMS 0x0000000082900000, 0x0000000082900000| Complete 
|  41|0x0000000082900000, 0x0000000082a00000, 0x0000000082a00000|100%|HC|  |TAMS 0x0000000082a00000, 0x0000000082a00000| Complete 
|  42|0x0000000082a00000, 0x0000000082b00000, 0x0000000082b00000|100%|HS|  |TAMS 0x0000000082b00000, 0x0000000082b00000| Complete 
|  43|0x0000000082b00000, 0x0000000082c00000, 0x0000000082c00000|100%| O|  |TAMS 0x0000000082c00000, 0x0000000082c00000| Untracked 
|  44|0x0000000082c00000, 0x0000000082d00000, 0x0000000082d00000|100%|HS|  |TAMS 0x0000000082d00000, 0x0000000082d00000| Complete 
|  45|0x0000000082d00000, 0x0000000082e00000, 0x0000000082e00000|100%|HC|  |TAMS 0x0000000082e00000, 0x0000000082e00000| Complete 
|  46|0x0000000082e00000, 0x0000000082f00000, 0x0000000082f00000|100%|HC|  |TAMS 0x0000000082f00000, 0x0000000082f00000| Complete 
|  47|0x0000000082f00000, 0x0000000083000000, 0x0000000083000000|100%|HC|  |TAMS 0x0000000083000000, 0x0000000083000000| Complete 
|  48|0x0000000083000000, 0x0000000083100000, 0x0000000083100000|100%|HC|  |TAMS 0x0000000083100000, 0x0000000083100000| Complete 
|  49|0x0000000083100000, 0x0000000083200000, 0x0000000083200000|100%|HC|  |TAMS 0x0000000083200000, 0x0000000083200000| Complete 
|  50|0x0000000083200000, 0x0000000083300000, 0x0000000083300000|100%|HC|  |TAMS 0x0000000083300000, 0x0000000083300000| Complete 
|  51|0x0000000083300000, 0x0000000083400000, 0x0000000083400000|100%|HC|  |TAMS 0x0000000083400000, 0x0000000083400000| Complete 
|  52|0x0000000083400000, 0x0000000083500000, 0x0000000083500000|100%|HC|  |TAMS 0x0000000083500000, 0x0000000083500000| Complete 
|  53|0x0000000083500000, 0x0000000083600000, 0x0000000083600000|100%|HC|  |TAMS 0x0000000083600000, 0x0000000083600000| Complete 
|  54|0x0000000083600000, 0x0000000083700000, 0x0000000083700000|100%| O|  |TAMS 0x0000000083700000, 0x0000000083700000| Untracked 
|  55|0x0000000083700000, 0x0000000083800000, 0x0000000083800000|100%| O|  |TAMS 0x0000000083800000, 0x0000000083800000| Untracked 
|  56|0x0000000083800000, 0x0000000083900000, 0x0000000083900000|100%| O|  |TAMS 0x0000000083900000, 0x0000000083900000| Untracked 
|  57|0x0000000083900000, 0x0000000083a00000, 0x0000000083a00000|100%| O|  |TAMS 0x0000000083a00000, 0x0000000083a00000| Untracked 
|  58|0x0000000083a00000, 0x0000000083b00000, 0x0000000083b00000|100%| O|  |TAMS 0x0000000083b00000, 0x0000000083b00000| Untracked 
|  59|0x0000000083b00000, 0x0000000083c00000, 0x0000000083c00000|100%| O|  |TAMS 0x0000000083c00000, 0x0000000083c00000| Untracked 
|  60|0x0000000083c00000, 0x0000000083d00000, 0x0000000083d00000|100%| O|  |TAMS 0x0000000083d00000, 0x0000000083d00000| Untracked 
|  61|0x0000000083d00000, 0x0000000083e00000, 0x0000000083e00000|100%|HS|  |TAMS 0x0000000083e00000, 0x0000000083e00000| Complete 
|  62|0x0000000083e00000, 0x0000000083f00000, 0x0000000083f00000|100%|HC|  |TAMS 0x0000000083f00000, 0x0000000083f00000| Complete 
|  63|0x0000000083f00000, 0x0000000084000000, 0x0000000084000000|100%|HC|  |TAMS 0x0000000084000000, 0x0000000084000000| Complete 
|  64|0x0000000084000000, 0x0000000084100000, 0x0000000084100000|100%|HC|  |TAMS 0x0000000084100000, 0x0000000084100000| Complete 
|  65|0x0000000084100000, 0x0000000084200000, 0x0000000084200000|100%|HC|  |TAMS 0x0000000084200000, 0x0000000084200000| Complete 
|  66|0x0000000084200000, 0x0000000084300000, 0x0000000084300000|100%|HC|  |TAMS 0x0000000084300000, 0x0000000084300000| Complete 
|  67|0x0000000084300000, 0x0000000084400000, 0x0000000084400000|100%|HC|  |TAMS 0x0000000084400000, 0x0000000084400000| Complete 
|  68|0x0000000084400000, 0x0000000084500000, 0x0000000084500000|100%|HC|  |TAMS 0x0000000084500000, 0x0000000084500000| Complete 
|  69|0x0000000084500000, 0x0000000084600000, 0x0000000084600000|100%|HC|  |TAMS 0x0000000084600000, 0x0000000084600000| Complete 
|  70|0x0000000084600000, 0x0000000084700000, 0x0000000084700000|100%|HC|  |TAMS 0x0000000084700000, 0x0000000084700000| Complete 
|  71|0x0000000084700000, 0x0000000084800000, 0x0000000084800000|100%|HC|  |TAMS 0x0000000084800000, 0x0000000084800000| Complete 
|  72|0x0000000084800000, 0x0000000084900000, 0x0000000084900000|100%|HS|  |TAMS 0x0000000084900000, 0x0000000084900000| Complete 
|  73|0x0000000084900000, 0x0000000084a00000, 0x0000000084a00000|100%|HC|  |TAMS 0x0000000084a00000, 0x0000000084a00000| Complete 
|  74|0x0000000084a00000, 0x0000000084b00000, 0x0000000084b00000|100%| O|  |TAMS 0x0000000084b00000, 0x0000000084b00000| Untracked 
|  75|0x0000000084b00000, 0x0000000084c00000, 0x0000000084c00000|100%| O|  |TAMS 0x0000000084c00000, 0x0000000084c00000| Untracked 
|  76|0x0000000084c00000, 0x0000000084d00000, 0x0000000084d00000|100%|HS|  |TAMS 0x0000000084d00000, 0x0000000084d00000| Complete 
|  77|0x0000000084d00000, 0x0000000084e00000, 0x0000000084e00000|100%|HC|  |TAMS 0x0000000084e00000, 0x0000000084e00000| Complete 
|  78|0x0000000084e00000, 0x0000000084f00000, 0x0000000084f00000|100%|HC|  |TAMS 0x0000000084f00000, 0x0000000084f00000| Complete 
|  79|0x0000000084f00000, 0x0000000085000000, 0x0000000085000000|100%|HS|  |TAMS 0x0000000085000000, 0x0000000085000000| Complete 
|  80|0x0000000085000000, 0x0000000085100000, 0x0000000085100000|100%|HC|  |TAMS 0x0000000085100000, 0x0000000085100000| Complete 
|  81|0x0000000085100000, 0x0000000085200000, 0x0000000085200000|100%|HS|  |TAMS 0x0000000085200000, 0x0000000085200000| Complete 
|  82|0x0000000085200000, 0x0000000085300000, 0x0000000085300000|100%|HC|  |TAMS 0x0000000085300000, 0x0000000085300000| Complete 
|  83|0x0000000085300000, 0x0000000085400000, 0x0000000085400000|100%|HC|  |TAMS 0x0000000085400000, 0x0000000085400000| Complete 
|  84|0x0000000085400000, 0x0000000085500000, 0x0000000085500000|100%| O|  |TAMS 0x0000000085500000, 0x0000000085500000| Untracked 
|  85|0x0000000085500000, 0x0000000085600000, 0x0000000085600000|100%| O|  |TAMS 0x0000000085600000, 0x0000000085600000| Untracked 
|  86|0x0000000085600000, 0x0000000085700000, 0x0000000085700000|100%| O|  |TAMS 0x0000000085700000, 0x0000000085700000| Untracked 
|  87|0x0000000085700000, 0x0000000085800000, 0x0000000085800000|100%| O|  |TAMS 0x0000000085800000, 0x0000000085800000| Untracked 
|  88|0x0000000085800000, 0x0000000085900000, 0x0000000085900000|100%| O|  |TAMS 0x0000000085900000, 0x0000000085900000| Untracked 
|  89|0x0000000085900000, 0x0000000085a00000, 0x0000000085a00000|100%| O|  |TAMS 0x0000000085a00000, 0x0000000085a00000| Untracked 
|  90|0x0000000085a00000, 0x0000000085b00000, 0x0000000085b00000|100%| O|  |TAMS 0x0000000085b00000, 0x0000000085b00000| Untracked 
|  91|0x0000000085b00000, 0x0000000085c00000, 0x0000000085c00000|100%|HS|  |TAMS 0x0000000085c00000, 0x0000000085c00000| Complete 
|  92|0x0000000085c00000, 0x0000000085d00000, 0x0000000085d00000|100%|HC|  |TAMS 0x0000000085d00000, 0x0000000085d00000| Complete 
|  93|0x0000000085d00000, 0x0000000085e00000, 0x0000000085e00000|100%|HC|  |TAMS 0x0000000085e00000, 0x0000000085e00000| Complete 
|  94|0x0000000085e00000, 0x0000000085f00000, 0x0000000085f00000|100%|HC|  |TAMS 0x0000000085f00000, 0x0000000085f00000| Complete 
|  95|0x0000000085f00000, 0x0000000086000000, 0x0000000086000000|100%|HC|  |TAMS 0x0000000086000000, 0x0000000086000000| Complete 
|  96|0x0000000086000000, 0x0000000086100000, 0x0000000086100000|100%|HC|  |TAMS 0x0000000086100000, 0x0000000086100000| Complete 
|  97|0x0000000086100000, 0x0000000086200000, 0x0000000086200000|100%|HS|  |TAMS 0x0000000086200000, 0x0000000086200000| Complete 
|  98|0x0000000086200000, 0x0000000086300000, 0x0000000086300000|100%| O|  |TAMS 0x0000000086300000, 0x0000000086300000| Untracked 
|  99|0x0000000086300000, 0x0000000086400000, 0x0000000086400000|100%| O|  |TAMS 0x0000000086400000, 0x0000000086400000| Untracked 
| 100|0x0000000086400000, 0x0000000086500000, 0x0000000086500000|100%| O|  |TAMS 0x0000000086500000, 0x0000000086500000| Untracked 
| 101|0x0000000086500000, 0x0000000086600000, 0x0000000086600000|100%| O|  |TAMS 0x0000000086600000, 0x0000000086600000| Untracked 
| 102|0x0000000086600000, 0x0000000086700000, 0x0000000086700000|100%| O|  |TAMS 0x0000000086700000, 0x0000000086700000| Untracked 
| 103|0x0000000086700000, 0x0000000086800000, 0x0000000086800000|100%|HS|  |TAMS 0x0000000086800000, 0x0000000086800000| Complete 
| 104|0x0000000086800000, 0x0000000086900000, 0x0000000086900000|100%|HS|  |TAMS 0x0000000086900000, 0x0000000086900000| Complete 
| 105|0x0000000086900000, 0x0000000086a00000, 0x0000000086a00000|100%|HS|  |TAMS 0x0000000086a00000, 0x0000000086a00000| Complete 
| 106|0x0000000086a00000, 0x0000000086b00000, 0x0000000086b00000|100%|HC|  |TAMS 0x0000000086b00000, 0x0000000086b00000| Complete 
| 107|0x0000000086b00000, 0x0000000086c00000, 0x0000000086c00000|100%| O|  |TAMS 0x0000000086c00000, 0x0000000086c00000| Untracked 
| 108|0x0000000086c00000, 0x0000000086d00000, 0x0000000086d00000|100%| O|  |TAMS 0x0000000086d00000, 0x0000000086d00000| Untracked 
| 109|0x0000000086d00000, 0x0000000086e00000, 0x0000000086e00000|100%|HS|  |TAMS 0x0000000086e00000, 0x0000000086e00000| Complete 
| 110|0x0000000086e00000, 0x0000000086f00000, 0x0000000086f00000|100%|HC|  |TAMS 0x0000000086f00000, 0x0000000086f00000| Complete 
| 111|0x0000000086f00000, 0x0000000087000000, 0x0000000087000000|100%|HC|  |TAMS 0x0000000087000000, 0x0000000087000000| Complete 
| 112|0x0000000087000000, 0x0000000087100000, 0x0000000087100000|100%|HC|  |TAMS 0x0000000087100000, 0x0000000087100000| Complete 
| 113|0x0000000087100000, 0x0000000087200000, 0x0000000087200000|100%| O|  |TAMS 0x0000000087100000, 0x0000000087200000| Untracked 
| 114|0x0000000087200000, 0x0000000087300000, 0x0000000087300000|100%| O|  |TAMS 0x0000000087300000, 0x0000000087300000| Untracked 
| 115|0x0000000087300000, 0x0000000087400000, 0x0000000087400000|100%| O|  |TAMS 0x0000000087400000, 0x0000000087400000| Untracked 
| 116|0x0000000087400000, 0x0000000087500000, 0x0000000087500000|100%| O|  |TAMS 0x0000000087500000, 0x0000000087500000| Untracked 
| 117|0x0000000087500000, 0x0000000087600000, 0x0000000087600000|100%| O|  |TAMS 0x0000000087600000, 0x0000000087600000| Untracked 
| 118|0x0000000087600000, 0x0000000087700000, 0x0000000087700000|100%| O|  |TAMS 0x0000000087699600, 0x0000000087700000| Untracked 
| 119|0x0000000087700000, 0x0000000087800000, 0x0000000087800000|100%| O|  |TAMS 0x0000000087700000, 0x0000000087800000| Untracked 
| 120|0x0000000087800000, 0x0000000087900000, 0x0000000087900000|100%| O|  |TAMS 0x0000000087800000, 0x0000000087900000| Untracked 
| 121|0x0000000087900000, 0x0000000087962800, 0x0000000087a00000| 38%| O|  |TAMS 0x0000000087900000, 0x0000000087962800| Untracked 
| 122|0x0000000087a00000, 0x0000000087a00000, 0x0000000087b00000|  0%| F|  |TAMS 0x0000000087a00000, 0x0000000087a00000| Untracked 
| 123|0x0000000087b00000, 0x0000000087b00000, 0x0000000087c00000|  0%| F|  |TAMS 0x0000000087b00000, 0x0000000087b00000| Untracked 
| 124|0x0000000087c00000, 0x0000000087c00000, 0x0000000087d00000|  0%| F|  |TAMS 0x0000000087c00000, 0x0000000087c00000| Untracked 
| 125|0x0000000087d00000, 0x0000000087d00000, 0x0000000087e00000|  0%| F|  |TAMS 0x0000000087d00000, 0x0000000087d00000| Untracked 
| 126|0x0000000087e00000, 0x0000000087e00000, 0x0000000087f00000|  0%| F|  |TAMS 0x0000000087e00000, 0x0000000087e00000| Untracked 
| 127|0x0000000087f00000, 0x0000000087f00000, 0x0000000088000000|  0%| F|  |TAMS 0x0000000087f00000, 0x0000000087f00000| Untracked 
| 128|0x0000000088000000, 0x0000000088000000, 0x0000000088100000|  0%| F|  |TAMS 0x0000000088000000, 0x0000000088000000| Untracked 
| 129|0x0000000088100000, 0x0000000088100000, 0x0000000088200000|  0%| F|  |TAMS 0x0000000088100000, 0x0000000088100000| Untracked 
| 130|0x0000000088200000, 0x0000000088200000, 0x0000000088300000|  0%| F|  |TAMS 0x0000000088200000, 0x0000000088200000| Untracked 
| 131|0x0000000088300000, 0x0000000088300000, 0x0000000088400000|  0%| F|  |TAMS 0x0000000088300000, 0x0000000088300000| Untracked 
| 132|0x0000000088400000, 0x0000000088400000, 0x0000000088500000|  0%| F|  |TAMS 0x0000000088400000, 0x0000000088400000| Untracked 
| 133|0x0000000088500000, 0x0000000088500000, 0x0000000088600000|  0%| F|  |TAMS 0x0000000088500000, 0x0000000088500000| Untracked 
| 134|0x0000000088600000, 0x0000000088600000, 0x0000000088700000|  0%| F|  |TAMS 0x0000000088600000, 0x0000000088600000| Untracked 
| 135|0x0000000088700000, 0x0000000088700000, 0x0000000088800000|  0%| F|  |TAMS 0x0000000088700000, 0x0000000088700000| Untracked 
| 136|0x0000000088800000, 0x0000000088800000, 0x0000000088900000|  0%| F|  |TAMS 0x0000000088800000, 0x0000000088800000| Untracked 
| 137|0x0000000088900000, 0x0000000088900000, 0x0000000088a00000|  0%| F|  |TAMS 0x0000000088900000, 0x0000000088900000| Untracked 
| 138|0x0000000088a00000, 0x0000000088a00000, 0x0000000088b00000|  0%| F|  |TAMS 0x0000000088a00000, 0x0000000088a00000| Untracked 
| 139|0x0000000088b00000, 0x0000000088b00000, 0x0000000088c00000|  0%| F|  |TAMS 0x0000000088b00000, 0x0000000088b00000| Untracked 
| 140|0x0000000088c00000, 0x0000000088c00000, 0x0000000088d00000|  0%| F|  |TAMS 0x0000000088c00000, 0x0000000088c00000| Untracked 
| 141|0x0000000088d00000, 0x0000000088d00000, 0x0000000088e00000|  0%| F|  |TAMS 0x0000000088d00000, 0x0000000088d00000| Untracked 
| 142|0x0000000088e00000, 0x0000000088e00000, 0x0000000088f00000|  0%| F|  |TAMS 0x0000000088e00000, 0x0000000088e00000| Untracked 
| 143|0x0000000088f00000, 0x0000000088f00000, 0x0000000089000000|  0%| F|  |TAMS 0x0000000088f00000, 0x0000000088f00000| Untracked 
| 144|0x0000000089000000, 0x0000000089000000, 0x0000000089100000|  0%| F|  |TAMS 0x0000000089000000, 0x0000000089000000| Untracked 
| 145|0x0000000089100000, 0x0000000089100000, 0x0000000089200000|  0%| F|  |TAMS 0x0000000089100000, 0x0000000089100000| Untracked 
| 146|0x0000000089200000, 0x0000000089200000, 0x0000000089300000|  0%| F|  |TAMS 0x0000000089200000, 0x0000000089200000| Untracked 
| 147|0x0000000089300000, 0x0000000089300000, 0x0000000089400000|  0%| F|  |TAMS 0x0000000089300000, 0x0000000089300000| Untracked 
| 148|0x0000000089400000, 0x0000000089400000, 0x0000000089500000|  0%| F|  |TAMS 0x0000000089400000, 0x0000000089400000| Untracked 
| 149|0x0000000089500000, 0x0000000089500000, 0x0000000089600000|  0%| F|  |TAMS 0x0000000089500000, 0x0000000089500000| Untracked 
| 150|0x0000000089600000, 0x0000000089600000, 0x0000000089700000|  0%| F|  |TAMS 0x0000000089600000, 0x0000000089600000| Untracked 
| 151|0x0000000089700000, 0x0000000089700000, 0x0000000089800000|  0%| F|  |TAMS 0x0000000089700000, 0x0000000089700000| Untracked 
| 152|0x0000000089800000, 0x0000000089800000, 0x0000000089900000|  0%| F|  |TAMS 0x0000000089800000, 0x0000000089800000| Untracked 
| 153|0x0000000089900000, 0x0000000089900000, 0x0000000089a00000|  0%| F|  |TAMS 0x0000000089900000, 0x0000000089900000| Untracked 
| 154|0x0000000089a00000, 0x0000000089a00000, 0x0000000089b00000|  0%| F|  |TAMS 0x0000000089a00000, 0x0000000089a00000| Untracked 
| 155|0x0000000089b00000, 0x0000000089b00000, 0x0000000089c00000|  0%| F|  |TAMS 0x0000000089b00000, 0x0000000089b00000| Untracked 
| 156|0x0000000089c00000, 0x0000000089c00000, 0x0000000089d00000|  0%| F|  |TAMS 0x0000000089c00000, 0x0000000089c00000| Untracked 
| 157|0x0000000089d00000, 0x0000000089d00000, 0x0000000089e00000|  0%| F|  |TAMS 0x0000000089d00000, 0x0000000089d00000| Untracked 
| 158|0x0000000089e00000, 0x0000000089e00000, 0x0000000089f00000|  0%| F|  |TAMS 0x0000000089e00000, 0x0000000089e00000| Untracked 
| 159|0x0000000089f00000, 0x0000000089f00000, 0x000000008a000000|  0%| F|  |TAMS 0x0000000089f00000, 0x0000000089f00000| Untracked 
| 160|0x000000008a000000, 0x000000008a000000, 0x000000008a100000|  0%| F|  |TAMS 0x000000008a000000, 0x000000008a000000| Untracked 
| 161|0x000000008a100000, 0x000000008a100000, 0x000000008a200000|  0%| F|  |TAMS 0x000000008a100000, 0x000000008a100000| Untracked 
| 162|0x000000008a200000, 0x000000008a200000, 0x000000008a300000|  0%| F|  |TAMS 0x000000008a200000, 0x000000008a200000| Untracked 
| 163|0x000000008a300000, 0x000000008a300000, 0x000000008a400000|  0%| F|  |TAMS 0x000000008a300000, 0x000000008a300000| Untracked 
| 164|0x000000008a400000, 0x000000008a400000, 0x000000008a500000|  0%| F|  |TAMS 0x000000008a400000, 0x000000008a400000| Untracked 
| 165|0x000000008a500000, 0x000000008a500000, 0x000000008a600000|  0%| F|  |TAMS 0x000000008a500000, 0x000000008a500000| Untracked 
| 166|0x000000008a600000, 0x000000008a600000, 0x000000008a700000|  0%| F|  |TAMS 0x000000008a600000, 0x000000008a600000| Untracked 
| 167|0x000000008a700000, 0x000000008a700000, 0x000000008a800000|  0%| F|  |TAMS 0x000000008a700000, 0x000000008a700000| Untracked 
| 168|0x000000008a800000, 0x000000008a800000, 0x000000008a900000|  0%| F|  |TAMS 0x000000008a800000, 0x000000008a800000| Untracked 
| 169|0x000000008a900000, 0x000000008a900000, 0x000000008aa00000|  0%| F|  |TAMS 0x000000008a900000, 0x000000008a900000| Untracked 
| 170|0x000000008aa00000, 0x000000008aa00000, 0x000000008ab00000|  0%| F|  |TAMS 0x000000008aa00000, 0x000000008aa00000| Untracked 
| 171|0x000000008ab00000, 0x000000008ab00000, 0x000000008ac00000|  0%| F|  |TAMS 0x000000008ab00000, 0x000000008ab00000| Untracked 
| 172|0x000000008ac00000, 0x000000008ac00000, 0x000000008ad00000|  0%| F|  |TAMS 0x000000008ac00000, 0x000000008ac00000| Untracked 
| 173|0x000000008ad00000, 0x000000008ad00000, 0x000000008ae00000|  0%| F|  |TAMS 0x000000008ad00000, 0x000000008ad00000| Untracked 
| 174|0x000000008ae00000, 0x000000008ae00000, 0x000000008af00000|  0%| F|  |TAMS 0x000000008ae00000, 0x000000008ae00000| Untracked 
| 175|0x000000008af00000, 0x000000008af00000, 0x000000008b000000|  0%| F|  |TAMS 0x000000008af00000, 0x000000008af00000| Untracked 
| 176|0x000000008b000000, 0x000000008b000000, 0x000000008b100000|  0%| F|  |TAMS 0x000000008b000000, 0x000000008b000000| Untracked 
| 177|0x000000008b100000, 0x000000008b100000, 0x000000008b200000|  0%| F|  |TAMS 0x000000008b100000, 0x000000008b100000| Untracked 
| 178|0x000000008b200000, 0x000000008b200000, 0x000000008b300000|  0%| F|  |TAMS 0x000000008b200000, 0x000000008b200000| Untracked 
| 179|0x000000008b300000, 0x000000008b300000, 0x000000008b400000|  0%| F|  |TAMS 0x000000008b300000, 0x000000008b300000| Untracked 
| 180|0x000000008b400000, 0x000000008b400000, 0x000000008b500000|  0%| F|  |TAMS 0x000000008b400000, 0x000000008b400000| Untracked 
| 181|0x000000008b500000, 0x000000008b500000, 0x000000008b600000|  0%| F|  |TAMS 0x000000008b500000, 0x000000008b500000| Untracked 
| 182|0x000000008b600000, 0x000000008b600000, 0x000000008b700000|  0%| F|  |TAMS 0x000000008b600000, 0x000000008b600000| Untracked 
| 183|0x000000008b700000, 0x000000008b700000, 0x000000008b800000|  0%| F|  |TAMS 0x000000008b700000, 0x000000008b700000| Untracked 
| 184|0x000000008b800000, 0x000000008b800000, 0x000000008b900000|  0%| F|  |TAMS 0x000000008b800000, 0x000000008b800000| Untracked 
| 185|0x000000008b900000, 0x000000008b900000, 0x000000008ba00000|  0%| F|  |TAMS 0x000000008b900000, 0x000000008b900000| Untracked 
| 186|0x000000008ba00000, 0x000000008ba00000, 0x000000008bb00000|  0%| F|  |TAMS 0x000000008ba00000, 0x000000008ba00000| Untracked 
| 187|0x000000008bb00000, 0x000000008bb00000, 0x000000008bc00000|  0%| F|  |TAMS 0x000000008bb00000, 0x000000008bb00000| Untracked 
| 188|0x000000008bc00000, 0x000000008bc00000, 0x000000008bd00000|  0%| F|  |TAMS 0x000000008bc00000, 0x000000008bc00000| Untracked 
| 189|0x000000008bd00000, 0x000000008bd00000, 0x000000008be00000|  0%| F|  |TAMS 0x000000008bd00000, 0x000000008bd00000| Untracked 
| 190|0x000000008be00000, 0x000000008be00000, 0x000000008bf00000|  0%| F|  |TAMS 0x000000008be00000, 0x000000008be00000| Untracked 
| 191|0x000000008bf00000, 0x000000008bf00000, 0x000000008c000000|  0%| F|  |TAMS 0x000000008bf00000, 0x000000008bf00000| Untracked 
| 192|0x000000008c000000, 0x000000008c000000, 0x000000008c100000|  0%| F|  |TAMS 0x000000008c000000, 0x000000008c000000| Untracked 
| 193|0x000000008c100000, 0x000000008c100000, 0x000000008c200000|  0%| F|  |TAMS 0x000000008c100000, 0x000000008c100000| Untracked 
| 194|0x000000008c200000, 0x000000008c200000, 0x000000008c300000|  0%| F|  |TAMS 0x000000008c200000, 0x000000008c200000| Untracked 
| 195|0x000000008c300000, 0x000000008c300000, 0x000000008c400000|  0%| F|  |TAMS 0x000000008c300000, 0x000000008c300000| Untracked 
| 196|0x000000008c400000, 0x000000008c400000, 0x000000008c500000|  0%| F|  |TAMS 0x000000008c400000, 0x000000008c400000| Untracked 
| 197|0x000000008c500000, 0x000000008c500000, 0x000000008c600000|  0%| F|  |TAMS 0x000000008c500000, 0x000000008c500000| Untracked 
| 198|0x000000008c600000, 0x000000008c600000, 0x000000008c700000|  0%| F|  |TAMS 0x000000008c600000, 0x000000008c600000| Untracked 
| 199|0x000000008c700000, 0x000000008c700000, 0x000000008c800000|  0%| F|  |TAMS 0x000000008c700000, 0x000000008c700000| Untracked 
| 200|0x000000008c800000, 0x000000008c800000, 0x000000008c900000|  0%| F|  |TAMS 0x000000008c800000, 0x000000008c800000| Untracked 
| 201|0x000000008c900000, 0x000000008c900000, 0x000000008ca00000|  0%| F|  |TAMS 0x000000008c900000, 0x000000008c900000| Untracked 
| 202|0x000000008ca00000, 0x000000008ca00000, 0x000000008cb00000|  0%| F|  |TAMS 0x000000008ca00000, 0x000000008ca00000| Untracked 
| 203|0x000000008cb00000, 0x000000008cb00000, 0x000000008cc00000|  0%| F|  |TAMS 0x000000008cb00000, 0x000000008cb00000| Untracked 
| 204|0x000000008cc00000, 0x000000008cc00000, 0x000000008cd00000|  0%| F|  |TAMS 0x000000008cc00000, 0x000000008cc00000| Untracked 
| 205|0x000000008cd00000, 0x000000008cd00000, 0x000000008ce00000|  0%| F|  |TAMS 0x000000008cd00000, 0x000000008cd00000| Untracked 
| 206|0x000000008ce00000, 0x000000008ceb6ab0, 0x000000008cf00000| 71%| S|CS|TAMS 0x000000008ce00000, 0x000000008ce00000| Complete 
| 207|0x000000008cf00000, 0x000000008d000000, 0x000000008d000000|100%| S|CS|TAMS 0x000000008cf00000, 0x000000008cf00000| Complete 
| 208|0x000000008d000000, 0x000000008d100000, 0x000000008d100000|100%| S|CS|TAMS 0x000000008d000000, 0x000000008d000000| Complete 
| 209|0x000000008d100000, 0x000000008d100000, 0x000000008d200000|  0%| F|  |TAMS 0x000000008d100000, 0x000000008d100000| Untracked 
| 210|0x000000008d200000, 0x000000008d200000, 0x000000008d300000|  0%| F|  |TAMS 0x000000008d200000, 0x000000008d200000| Untracked 
| 211|0x000000008d300000, 0x000000008d300000, 0x000000008d400000|  0%| F|  |TAMS 0x000000008d300000, 0x000000008d300000| Untracked 
| 212|0x000000008d400000, 0x000000008d400000, 0x000000008d500000|  0%| F|  |TAMS 0x000000008d400000, 0x000000008d400000| Untracked 
| 253|0x000000008fd00000, 0x000000008fd00000, 0x000000008fe00000|  0%| F|  |TAMS 0x000000008fd00000, 0x000000008fd00000| Untracked 

Card table byte_map: [0x0000026ad5700000,0x0000026ad5b00000] _byte_map_base: 0x0000026ad5300000

Marking Bits (Prev, Next): (CMBitMap*) 0x0000026ac29452d0, (CMBitMap*) 0x0000026ac2945310
 Prev Bits: [0x0000026ad5f00000, 0x0000026ad7f00000)
 Next Bits: [0x0000026ad7f00000, 0x0000026ad9f00000)

Polling page: 0x0000026ac0860000

Metaspace:

Usage:
  Non-class:     59.25 MB used.
      Class:      9.18 MB used.
       Both:     68.43 MB used.

Virtual space:
  Non-class space:       64.00 MB reserved,      59.56 MB ( 93%) committed,  8 nodes.
      Class space:        1.00 GB reserved,       9.44 MB ( <1%) committed,  1 nodes.
             Both:        1.06 GB reserved,      69.00 MB (  6%) committed. 

Chunk freelists:
   Non-Class:  389.00 KB
       Class:  2.50 MB
        Both:  2.88 MB

MaxMetaspaceSize: unlimited
CompressedClassSpaceSize: 1.00 GB
Initial GC threshold: 21.00 MB
Current GC threshold: 113.88 MB
CDS: off
MetaspaceReclaimPolicy: balanced
 - commit_granule_bytes: 65536.
 - commit_granule_words: 8192.
 - virtual_space_node_default_size: 1048576.
 - enlarge_chunks_in_place: 1.
 - new_chunks_are_fully_committed: 0.
 - uncommit_free_chunks: 1.
 - use_allocation_guard: 0.
 - handle_deallocations: 1.


Internal statistics:

num_allocs_failed_limit: 3.
num_arena_births: 690.
num_arena_deaths: 2.
num_vsnodes_births: 9.
num_vsnodes_deaths: 0.
num_space_committed: 1104.
num_space_uncommitted: 0.
num_chunks_returned_to_freelist: 6.
num_chunks_taken_from_freelist: 3018.
num_chunk_merges: 3.
num_chunk_splits: 2024.
num_chunks_enlarged: 1394.
num_purges: 2.
num_inconsistent_stats: 0.

CodeHeap 'non-profiled nmethods': size=120000Kb used=3911Kb max_used=3911Kb free=116088Kb
 bounds [0x0000026acd880000, 0x0000026acdc60000, 0x0000026ad4db0000]
CodeHeap 'profiled nmethods': size=120000Kb used=12866Kb max_used=12866Kb free=107133Kb
 bounds [0x0000026ac5db0000, 0x0000026ac6a50000, 0x0000026acd2e0000]
CodeHeap 'non-nmethods': size=5760Kb used=2374Kb max_used=2445Kb free=3385Kb
 bounds [0x0000026acd2e0000, 0x0000026acd550000, 0x0000026acd880000]
 total_blobs=7592 nmethods=6701 adapters=801
 compilation: enabled
              stopped_count=0, restarted_count=0
 full_count=0

Compilation events (20 events):
Event: 6.682 Thread 0x0000026add49f150 7487       3       java.math.BigInteger::multiplyToLenCheck (28 bytes)
Event: 6.682 Thread 0x0000026add49f150 nmethod 7487 0x0000026ac6a3bb10 code [0x0000026ac6a3bce0, 0x0000026ac6a3c098]
Event: 6.685 Thread 0x0000026adda15190 nmethod 7471 0x0000026acdc50890 code [0x0000026acdc50a40, 0x0000026acdc51028]
Event: 6.685 Thread 0x0000026adda15190 7488 %     4       java.math.BigInteger::shiftLeftImplWorker @ 9 (43 bytes)
Event: 6.686 Thread 0x0000026add49f150 7490       3       jdk.internal.reflect.ClassFileAssembler::opc_athrow (12 bytes)
Event: 6.686 Thread 0x0000026add49f150 nmethod 7490 0x0000026ac6a3c210 code [0x0000026ac6a3c3c0, 0x0000026ac6a3c688]
Event: 6.686 Thread 0x0000026add49f150 7491       3       java.util.regex.ASCII::toLower (16 bytes)
Event: 6.686 Thread 0x0000026add49f150 nmethod 7491 0x0000026ac6a3c810 code [0x0000026ac6a3c9a0, 0x0000026ac6a3cb98]
Event: 6.686 Thread 0x0000026add49f150 7492       3       java.util.regex.ASCII::isUpper (18 bytes)
Event: 6.686 Thread 0x0000026add49f150 nmethod 7492 0x0000026ac6a3cc90 code [0x0000026ac6a3ce20, 0x0000026ac6a3cf78]
Event: 6.687 Thread 0x0000026add49f150 7493       3       sun.security.util.SignatureFileVerifier::updateSigners (132 bytes)
Event: 6.688 Thread 0x0000026add49f150 nmethod 7493 0x0000026ac6a3d010 code [0x0000026ac6a3d2c0, 0x0000026ac6a3e258]
Event: 6.688 Thread 0x0000026add49f150 7494       3       sun.security.util.SignatureFileVerifier::matches (93 bytes)
Event: 6.688 Thread 0x0000026add49f150 nmethod 7494 0x0000026ac6a3e890 code [0x0000026ac6a3eac0, 0x0000026ac6a3f378]
Event: 6.688 Thread 0x0000026add49f150 7496       3       java.security.Provider$UString::hashCode (8 bytes)
Event: 6.688 Thread 0x0000026add49f150 nmethod 7496 0x0000026ac6a3f690 code [0x0000026ac6a3f840, 0x0000026ac6a3f988]
Event: 6.688 Thread 0x0000026add49f150 7497       3       sun.security.util.SecurityProviderConstants::getAliases (65 bytes)
Event: 6.689 Thread 0x0000026add49e6b0 nmethod 7480% 0x0000026acdc51390 code [0x0000026acdc51520, 0x0000026acdc51ab8]
Event: 6.689 Thread 0x0000026add49f150 nmethod 7497 0x0000026ac6a3fa90 code [0x0000026ac6a3fd00, 0x0000026ac6a40608]
Event: 6.689 Thread 0x0000026add49e6b0 7486 %     4       java.math.BigInteger::implSquareToLen @ 9 (154 bytes)

GC Heap History (20 events):
Event: 4.135 GC heap after
{Heap after GC invocations=22 (full 0):
 garbage-first heap   total 162816K, used 89916K [0x0000000080000000, 0x0000000100000000)
  region size 1024K, 5 young (5120K), 5 survivors (5120K)
 Metaspace       used 47278K, committed 47744K, reserved 1097728K
  class space    used 6281K, committed 6464K, reserved 1048576K
}
Event: 4.443 GC heap before
{Heap before GC invocations=23 (full 0):
 garbage-first heap   total 162816K, used 119612K [0x0000000080000000, 0x0000000100000000)
  region size 1024K, 33 young (33792K), 5 survivors (5120K)
 Metaspace       used 49687K, committed 50112K, reserved 1097728K
  class space    used 6533K, committed 6720K, reserved 1048576K
}
Event: 4.446 GC heap after
{Heap after GC invocations=24 (full 0):
 garbage-first heap   total 162816K, used 92333K [0x0000000080000000, 0x0000000100000000)
  region size 1024K, 5 young (5120K), 5 survivors (5120K)
 Metaspace       used 49687K, committed 50112K, reserved 1097728K
  class space    used 6533K, committed 6720K, reserved 1048576K
}
Event: 4.552 GC heap before
{Heap before GC invocations=24 (full 0):
 garbage-first heap   total 162816K, used 100525K [0x0000000080000000, 0x0000000100000000)
  region size 1024K, 14 young (14336K), 5 survivors (5120K)
 Metaspace       used 50733K, committed 51200K, reserved 1097728K
  class space    used 6724K, committed 6912K, reserved 1048576K
}
Event: 4.555 GC heap after
{Heap after GC invocations=25 (full 0):
 garbage-first heap   total 162816K, used 93206K [0x0000000080000000, 0x0000000100000000)
  region size 1024K, 1 young (1024K), 1 survivors (1024K)
 Metaspace       used 50733K, committed 51200K, reserved 1097728K
  class space    used 6724K, committed 6912K, reserved 1048576K
}
Event: 4.975 GC heap before
{Heap before GC invocations=26 (full 0):
 garbage-first heap   total 171008K, used 132118K [0x0000000080000000, 0x0000000100000000)
  region size 1024K, 32 young (32768K), 1 survivors (1024K)
 Metaspace       used 54098K, committed 54656K, reserved 1097728K
  class space    used 7261K, committed 7552K, reserved 1048576K
}
Event: 4.979 GC heap after
{Heap after GC invocations=27 (full 0):
 garbage-first heap   total 171008K, used 102604K [0x0000000080000000, 0x0000000100000000)
  region size 1024K, 4 young (4096K), 4 survivors (4096K)
 Metaspace       used 54098K, committed 54656K, reserved 1097728K
  class space    used 7261K, committed 7552K, reserved 1048576K
}
Event: 5.292 GC heap before
{Heap before GC invocations=27 (full 0):
 garbage-first heap   total 171008K, used 133324K [0x0000000080000000, 0x0000000100000000)
  region size 1024K, 35 young (35840K), 4 survivors (4096K)
 Metaspace       used 54807K, committed 55424K, reserved 1097728K
  class space    used 7318K, committed 7616K, reserved 1048576K
}
Event: 5.295 GC heap after
{Heap after GC invocations=28 (full 0):
 garbage-first heap   total 171008K, used 105270K [0x0000000080000000, 0x0000000100000000)
  region size 1024K, 5 young (5120K), 5 survivors (5120K)
 Metaspace       used 54807K, committed 55424K, reserved 1097728K
  class space    used 7318K, committed 7616K, reserved 1048576K
}
Event: 5.596 GC heap before
{Heap before GC invocations=29 (full 0):
 garbage-first heap   total 179200K, used 137014K [0x0000000080000000, 0x0000000100000000)
  region size 1024K, 36 young (36864K), 5 survivors (5120K)
 Metaspace       used 57727K, committed 58240K, reserved 1105920K
  class space    used 7806K, committed 8064K, reserved 1048576K
}
Event: 5.602 GC heap after
{Heap after GC invocations=30 (full 0):
 garbage-first heap   total 179200K, used 107457K [0x0000000080000000, 0x0000000100000000)
  region size 1024K, 3 young (3072K), 3 survivors (3072K)
 Metaspace       used 57727K, committed 58240K, reserved 1105920K
  class space    used 7806K, committed 8064K, reserved 1048576K
}
Event: 5.837 GC heap before
{Heap before GC invocations=30 (full 0):
 garbage-first heap   total 179200K, used 127937K [0x0000000080000000, 0x0000000100000000)
  region size 1024K, 24 young (24576K), 3 survivors (3072K)
 Metaspace       used 59828K, committed 60416K, reserved 1105920K
  class space    used 8042K, committed 8320K, reserved 1048576K
}
Event: 5.840 GC heap after
{Heap after GC invocations=31 (full 0):
 garbage-first heap   total 179200K, used 108419K [0x0000000080000000, 0x0000000100000000)
  region size 1024K, 4 young (4096K), 4 survivors (4096K)
 Metaspace       used 59828K, committed 60416K, reserved 1105920K
  class space    used 8042K, committed 8320K, reserved 1048576K
}
Event: 5.904 GC heap before
{Heap before GC invocations=32 (full 0):
 garbage-first heap   total 194560K, used 119683K [0x0000000080000000, 0x0000000100000000)
  region size 1024K, 12 young (12288K), 4 survivors (4096K)
 Metaspace       used 60211K, committed 60800K, reserved 1105920K
  class space    used 8106K, committed 8384K, reserved 1048576K
}
Event: 5.908 GC heap after
{Heap after GC invocations=33 (full 0):
 garbage-first heap   total 194560K, used 116736K [0x0000000080000000, 0x0000000100000000)
  region size 1024K, 5 young (5120K), 5 survivors (5120K)
 Metaspace       used 60211K, committed 60800K, reserved 1105920K
  class space    used 8106K, committed 8384K, reserved 1048576K
}
Event: 6.208 GC heap before
{Heap before GC invocations=34 (full 0):
 garbage-first heap   total 208896K, used 148480K [0x0000000080000000, 0x0000000100000000)
  region size 1024K, 32 young (32768K), 5 survivors (5120K)
 Metaspace       used 63437K, committed 64000K, reserved 1105920K
  class space    used 8553K, committed 8832K, reserved 1048576K
}
Event: 6.212 GC heap after
{Heap after GC invocations=35 (full 0):
 garbage-first heap   total 208896K, used 124128K [0x0000000080000000, 0x0000000100000000)
  region size 1024K, 4 young (4096K), 4 survivors (4096K)
 Metaspace       used 63437K, committed 64000K, reserved 1105920K
  class space    used 8553K, committed 8832K, reserved 1048576K
}
Event: 6.600 GC heap before
{Heap before GC invocations=35 (full 0):
 garbage-first heap   total 208896K, used 154848K [0x0000000080000000, 0x0000000100000000)
  region size 1024K, 34 young (34816K), 4 survivors (4096K)
 Metaspace       used 68682K, committed 69312K, reserved 1114112K
  class space    used 9245K, committed 9536K, reserved 1048576K
}
Event: 6.603 GC heap after
{Heap after GC invocations=36 (full 0):
 garbage-first heap   total 208896K, used 125867K [0x0000000080000000, 0x0000000100000000)
  region size 1024K, 2 young (2048K), 2 survivors (2048K)
 Metaspace       used 68682K, committed 69312K, reserved 1114112K
  class space    used 9245K, committed 9536K, reserved 1048576K
}
Event: 6.692 GC heap before
{Heap before GC invocations=37 (full 0):
 garbage-first heap   total 217088K, used 129963K [0x0000000080000000, 0x0000000100000000)
  region size 1024K, 7 young (7168K), 2 survivors (2048K)
 Metaspace       used 70073K, committed 70656K, reserved 1114112K
  class space    used 9400K, committed 9664K, reserved 1048576K
}

Dll operation events (2 events):
Event: 0.006 Loaded shared library C:\Program Files\Android\Android Studio\jbr\bin\java.dll
Event: 0.353 Loaded shared library C:\Program Files\Android\Android Studio\jbr\bin\verify.dll

Deoptimization events (20 events):
Event: 6.689 Thread 0x0000026ae10619e0 Uncommon trap: trap_request=0xffffff45 fr.pc=0x0000026acd989820 relative=0x0000000000000080
Event: 6.689 Thread 0x0000026ae10619e0 Uncommon trap: reason=unstable_if action=reinterpret pc=0x0000026acd989820 method=java.util.jar.JarFile.maybeInstantiateVerifier()V @ 4 c2
Event: 6.689 Thread 0x0000026ae10619e0 DEOPT PACKING pc=0x0000026acd989820 sp=0x00000079338f1290
Event: 6.689 Thread 0x0000026ae10619e0 DEOPT UNPACKING pc=0x0000026acd3369a3 sp=0x00000079338f1220 mode 2
Event: 6.689 Thread 0x0000026ae10619e0 Uncommon trap: trap_request=0xffffff45 fr.pc=0x0000026acdaad1a4 relative=0x0000000000000204
Event: 6.689 Thread 0x0000026ae10619e0 Uncommon trap: reason=unstable_if action=reinterpret pc=0x0000026acdaad1a4 method=java.util.jar.JarFile.maybeInstantiateVerifier()V @ 4 c2
Event: 6.689 Thread 0x0000026ae10619e0 DEOPT PACKING pc=0x0000026acdaad1a4 sp=0x00000079338f1250
Event: 6.689 Thread 0x0000026ae10619e0 DEOPT UNPACKING pc=0x0000026acd3369a3 sp=0x00000079338f1198 mode 2
Event: 6.689 Thread 0x0000026ae10619e0 Uncommon trap: trap_request=0xffffffc6 fr.pc=0x0000026acdb77bbc relative=0x0000000000001d9c
Event: 6.689 Thread 0x0000026ae10619e0 Uncommon trap: reason=bimorphic_or_optimized_type_check action=maybe_recompile pc=0x0000026acdb77bbc method=jdk.internal.loader.Resource.getBytes()[B @ 117 c2
Event: 6.689 Thread 0x0000026ae10619e0 DEOPT PACKING pc=0x0000026acdb77bbc sp=0x00000079338f12d0
Event: 6.689 Thread 0x0000026ae10619e0 DEOPT UNPACKING pc=0x0000026acd3369a3 sp=0x00000079338f1270 mode 2
Event: 6.690 Thread 0x0000026ae10619e0 Uncommon trap: trap_request=0xffffff45 fr.pc=0x0000026acdbb18a0 relative=0x0000000000000200
Event: 6.690 Thread 0x0000026ae10619e0 Uncommon trap: reason=unstable_if action=reinterpret pc=0x0000026acdbb18a0 method=java.security.CodeSource.matchCerts(Ljava/security/CodeSource;Z)Z @ 11 c2
Event: 6.690 Thread 0x0000026ae10619e0 DEOPT PACKING pc=0x0000026acdbb18a0 sp=0x00000079338f1200
Event: 6.690 Thread 0x0000026ae10619e0 DEOPT UNPACKING pc=0x0000026acd3369a3 sp=0x00000079338f1110 mode 2
Event: 6.690 Thread 0x0000026ae10619e0 Uncommon trap: trap_request=0xffffff54 fr.pc=0x0000026acda27308 relative=0x0000000000000928
Event: 6.690 Thread 0x0000026ae10619e0 Uncommon trap: reason=speculate_null_assert action=make_not_entrant pc=0x0000026acda27308 method=java.util.jar.JarFile.getVersionedEntry(Ljava/lang/String;Ljava/util/jar/JarEntry;)Ljava/util/jar/JarEntry; @ 115 c2
Event: 6.690 Thread 0x0000026ae10619e0 DEOPT PACKING pc=0x0000026acda27308 sp=0x00000079338f2960
Event: 6.690 Thread 0x0000026ae10619e0 DEOPT UNPACKING pc=0x0000026acd3369a3 sp=0x00000079338f2928 mode 2

Classes unloaded (2 events):
Event: 6.631 Thread 0x0000026adcb9ddf0 Unloading class 0x0000000100834560 '_BuildScript_$_run_closure1'
Event: 6.632 Thread 0x0000026adcb9ddf0 Unloading class 0x0000000100834000 '_BuildScript_'

Classes redefined (0 events):
No events

Internal exceptions (20 events):
Event: 4.797 Thread 0x0000026ae10619e0 Exception <a 'java/lang/ClassNotFoundException'{0x000000008940f880}: org/gradle/plugin/use/internal/PluginRequestCollector$PluginDependenciesSpecImplBeanInfo> (0x000000008940f880) 
thrown [s\src\hotspot\share\classfile\systemDictionary.cpp, line 256]
Event: 4.798 Thread 0x0000026ae10619e0 Exception <a 'java/lang/ClassNotFoundException'{0x0000000089421cb8}: org/gradle/plugin/use/internal/PluginRequestCollector$PluginDependenciesSpecImplCustomizer> (0x0000000089421cb8) 
thrown [s\src\hotspot\share\classfile\systemDictionary.cpp, line 256]
Event: 4.800 Thread 0x0000026ae10619e0 Exception <a 'java/lang/ClassNotFoundException'{0x000000008945b578}: org/gradle/plugin/use/internal/PluginRequestCollector$PluginDependencySpecImplBeanInfo> (0x000000008945b578) 
thrown [s\src\hotspot\share\classfile\systemDictionary.cpp, line 256]
Event: 4.800 Thread 0x0000026ae10619e0 Exception <a 'java/lang/ClassNotFoundException'{0x000000008946dbe0}: org/gradle/plugin/use/internal/PluginRequestCollector$PluginDependencySpecImplCustomizer> (0x000000008946dbe0) 
thrown [s\src\hotspot\share\classfile\systemDictionary.cpp, line 256]
Event: 4.901 Thread 0x0000026ae10619e0 Exception <a 'java/lang/NoSuchMethodError'{0x0000000088b52680}: 'java.lang.Object java.lang.invoke.DirectMethodHandle$Holder.newInvokeSpecial(java.lang.Object, java.lang.Object, java.lang.Object, java.lang.Object, java.lang.Object, int)'> (0x0000000088b52680) 
thrown [s\src\hotspot\share\interpreter\linkResolver.cpp, line 771]
Event: 4.901 Thread 0x0000026ae10619e0 Exception <a 'java/lang/NoSuchMethodError'{0x0000000088b57cd8}: 'java.lang.Object java.lang.invoke.DirectMethodHandle$Holder.invokeSpecial(java.lang.Object, java.lang.Object, java.lang.Object, java.lang.Object, java.lang.Object, java.lang.Object, int)'> (0x0000000088b57cd8) 
thrown [s\src\hotspot\share\interpreter\linkResolver.cpp, line 771]
Event: 4.909 Thread 0x0000026ae10619e0 Exception <a 'java/lang/NoSuchMethodError'{0x0000000088bf3788}: 'void java.lang.invoke.DirectMethodHandle$Holder.invokeStatic(java.lang.Object, java.lang.Object, java.lang.Object, int, java.lang.Object)'> (0x0000000088bf3788) 
thrown [s\src\hotspot\share\interpreter\linkResolver.cpp, line 771]
Event: 5.129 Thread 0x0000026ae10619e0 Implicit null exception at 0x0000026acd97146f to 0x0000026acd9716cc
Event: 5.353 Thread 0x0000026ae10619e0 Exception <a 'java/lang/NoSuchMethodError'{0x000000008d2af170}: 'void java.lang.invoke.DirectMethodHandle$Holder.invokeVirtual(java.lang.Object, java.lang.Object)'> (0x000000008d2af170) 
thrown [s\src\hotspot\share\interpreter\linkResolver.cpp, line 771]
Event: 5.665 Thread 0x0000026ae10619e0 Exception <a 'java/lang/NoSuchMethodError'{0x000000008a5086a8}: 'void java.lang.invoke.DirectMethodHandle$Holder.invokeSpecialIFC(java.lang.Object, java.lang.Object, java.lang.Object)'> (0x000000008a5086a8) 
thrown [s\src\hotspot\share\interpreter\linkResolver.cpp, line 771]
Event: 5.833 Thread 0x0000026ae10619e0 Exception <a 'java/lang/ClassNotFoundException'{0x0000000089be39e0}: build_bi9lituu3nz0jup1dgyjgmtj4BeanInfo> (0x0000000089be39e0) 
thrown [s\src\hotspot\share\classfile\systemDictionary.cpp, line 256]
Event: 5.834 Thread 0x0000026ae10619e0 Exception <a 'java/lang/ClassNotFoundException'{0x0000000089bea260}: build_bi9lituu3nz0jup1dgyjgmtj4Customizer> (0x0000000089bea260) 
thrown [s\src\hotspot\share\classfile\systemDictionary.cpp, line 256]
Event: 6.019 Thread 0x0000026ae10619e0 Exception <a 'java/lang/NoSuchMethodError'{0x000000008bea0628}: 'java.lang.Object java.lang.invoke.DirectMethodHandle$Holder.newInvokeSpecial(java.lang.Object, java.lang.Object, java.lang.Object, java.lang.Object, int)'> (0x000000008bea0628) 
thrown [s\src\hotspot\share\interpreter\linkResolver.cpp, line 771]
Event: 6.019 Thread 0x0000026ae10619e0 Exception <a 'java/lang/NoSuchMethodError'{0x000000008bea5a70}: 'java.lang.Object java.lang.invoke.DirectMethodHandle$Holder.invokeSpecial(java.lang.Object, java.lang.Object, java.lang.Object, java.lang.Object, java.lang.Object, int)'> (0x000000008bea5a70) 
thrown [s\src\hotspot\share\interpreter\linkResolver.cpp, line 771]
Event: 6.019 Thread 0x0000026ae10619e0 Exception <a 'java/lang/NoSuchMethodError'{0x000000008beaa7f0}: 'java.lang.Object java.lang.invoke.Invokers$Holder.linkToTargetMethod(java.lang.Object, java.lang.Object, java.lang.Object, int, java.lang.Object)'> (0x000000008beaa7f0) 
thrown [s\src\hotspot\share\interpreter\linkResolver.cpp, line 771]
Event: 6.194 Thread 0x0000026ae10619e0 Exception <a 'java/lang/NoSuchMethodError'{0x000000008ac35308}: 'int java.lang.invoke.DirectMethodHandle$Holder.invokeInterface(java.lang.Object, java.lang.Object, java.lang.Object, java.lang.Object)'> (0x000000008ac35308) 
thrown [s\src\hotspot\share\interpreter\linkResolver.cpp, line 771]
Event: 6.488 Thread 0x0000026ae10619e0 Exception <a 'java/lang/IncompatibleClassChangeError'{0x000000008b508c00}: Found class java.lang.Object, but interface was expected> (0x000000008b508c00) 
thrown [s\src\hotspot\share\interpreter\linkResolver.cpp, line 838]
Event: 6.522 Thread 0x0000026ae10619e0 Implicit null exception at 0x0000026acdbffcd4 to 0x0000026acdbffe80
Event: 6.522 Thread 0x0000026ae10619e0 Implicit null exception at 0x0000026acdb7b700 to 0x0000026acdb7d3b4
Event: 6.656 Thread 0x0000026ae10619e0 Implicit null exception at 0x0000026acda9070c to 0x0000026acda90846

VM Operations (20 events):
Event: 5.908 Executing VM operation: G1TryInitiateConcMark done
Event: 5.934 Executing VM operation: G1Concurrent
Event: 5.936 Executing VM operation: G1Concurrent done
Event: 5.945 Executing VM operation: G1Concurrent
Event: 5.946 Executing VM operation: G1Concurrent done
Event: 6.188 Executing VM operation: HandshakeAllThreads
Event: 6.188 Executing VM operation: HandshakeAllThreads done
Event: 6.193 Executing VM operation: HandshakeAllThreads
Event: 6.193 Executing VM operation: HandshakeAllThreads done
Event: 6.208 Executing VM operation: G1CollectForAllocation
Event: 6.212 Executing VM operation: G1CollectForAllocation done
Event: 6.600 Executing VM operation: G1CollectForAllocation
Event: 6.603 Executing VM operation: G1CollectForAllocation done
Event: 6.620 Executing VM operation: HandshakeAllThreads
Event: 6.621 Executing VM operation: HandshakeAllThreads done
Event: 6.631 Executing VM operation: G1Concurrent
Event: 6.639 Executing VM operation: G1Concurrent done
Event: 6.651 Executing VM operation: G1Concurrent
Event: 6.652 Executing VM operation: G1Concurrent done
Event: 6.692 Executing VM operation: G1TryInitiateConcMark

Events (20 events):
Event: 6.675 loading class java/security/cert/CertPathValidatorException$BasicReason
Event: 6.675 loading class java/security/cert/CertPathValidatorException$Reason
Event: 6.675 loading class java/security/cert/CertPathValidatorException$Reason done
Event: 6.675 loading class java/security/cert/CertPathValidatorException$BasicReason done
Event: 6.675 loading class java/security/SignatureException
Event: 6.675 loading class java/security/SignatureException done
Event: 6.678 loading class sun/security/rsa/RSASignature$SHA256withRSA
Event: 6.678 loading class sun/security/rsa/RSASignature$SHA256withRSA done
Event: 6.678 loading class sun/security/provider/DSA$SHA256withDSA
Event: 6.679 loading class sun/security/provider/DSA$SHA256withDSA done
Event: 6.686 loading class java/util/Base64
Event: 6.687 loading class java/util/Base64 done
Event: 6.687 loading class java/util/Base64$Decoder
Event: 6.687 loading class java/util/Base64$Decoder done
Event: 6.687 loading class java/util/Base64$Encoder
Event: 6.687 loading class java/util/Base64$Encoder done
Event: 6.687 loading class java/util/jar/JarVerifier$VerifierStream
Event: 6.688 loading class java/util/jar/JarVerifier$VerifierStream done
Event: 6.688 loading class sun/security/util/ManifestEntryVerifier$SunProviderHolder
Event: 6.688 loading class sun/security/util/ManifestEntryVerifier$SunProviderHolder done


Dynamic libraries:
0x00007ff6e0120000 - 0x00007ff6e012a000 	C:\Program Files\Android\Android Studio\jbr\bin\java.exe
0x00007ffa56210000 - 0x00007ffa56427000 	C:\WINDOWS\SYSTEM32\ntdll.dll
0x00007ffa54da0000 - 0x00007ffa54e64000 	C:\WINDOWS\System32\KERNEL32.DLL
0x00007ffa538c0000 - 0x00007ffa53c66000 	C:\WINDOWS\System32\KERNELBASE.dll
0x00007ffa53590000 - 0x00007ffa536a1000 	C:\WINDOWS\System32\ucrtbase.dll
0x00007ffa4bb10000 - 0x00007ffa4bb2b000 	C:\Program Files\Android\Android Studio\jbr\bin\VCRUNTIME140.dll
0x00007ffa3dac0000 - 0x00007ffa3dad7000 	C:\Program Files\Android\Android Studio\jbr\bin\jli.dll
0x00007ffa54e70000 - 0x00007ffa5501d000 	C:\WINDOWS\System32\USER32.dll
0x00007ffa53890000 - 0x00007ffa538b6000 	C:\WINDOWS\System32\win32u.dll
0x00007ffa2a660000 - 0x00007ffa2a8f3000 	C:\WINDOWS\WinSxS\amd64_microsoft.windows.common-controls_6595b64144ccf1df_6.0.22621.2361_none_2712ced57382f843\COMCTL32.dll
0x00007ffa547c0000 - 0x00007ffa547e9000 	C:\WINDOWS\System32\GDI32.dll
0x00007ffa55be0000 - 0x00007ffa55c87000 	C:\WINDOWS\System32\msvcrt.dll
0x00007ffa53c70000 - 0x00007ffa53d88000 	C:\WINDOWS\System32\gdi32full.dll
0x00007ffa53d90000 - 0x00007ffa53e2a000 	C:\WINDOWS\System32\msvcp_win.dll
0x00007ffa55a70000 - 0x00007ffa55aa1000 	C:\WINDOWS\System32\IMM32.DLL
0x00007ffa4adf0000 - 0x00007ffa4adfc000 	C:\Program Files\Android\Android Studio\jbr\bin\vcruntime140_1.dll
0x00007ffa287b0000 - 0x00007ffa2883d000 	C:\Program Files\Android\Android Studio\jbr\bin\msvcp140.dll
0x00007ffa059b0000 - 0x00007ffa0661d000 	C:\Program Files\Android\Android Studio\jbr\bin\server\jvm.dll
0x00007ffa54360000 - 0x00007ffa54410000 	C:\WINDOWS\System32\ADVAPI32.dll
0x00007ffa55f50000 - 0x00007ffa55ff6000 	C:\WINDOWS\System32\sechost.dll
0x00007ffa55020000 - 0x00007ffa55137000 	C:\WINDOWS\System32\RPCRT4.dll
0x00007ffa390a0000 - 0x00007ffa390a9000 	C:\WINDOWS\SYSTEM32\WSOCK32.dll
0x00007ffa39a40000 - 0x00007ffa39a74000 	C:\WINDOWS\SYSTEM32\WINMM.dll
0x00007ffa54410000 - 0x00007ffa54481000 	C:\WINDOWS\System32\WS2_32.dll
0x00007ffa4c540000 - 0x00007ffa4c54a000 	C:\WINDOWS\SYSTEM32\VERSION.dll
0x00007ffa52620000 - 0x00007ffa52638000 	C:\WINDOWS\SYSTEM32\kernel.appcore.dll
0x00007ffa4f040000 - 0x00007ffa4f04a000 	C:\Program Files\Android\Android Studio\jbr\bin\jimage.dll
0x00007ffa50ec0000 - 0x00007ffa510ee000 	C:\WINDOWS\SYSTEM32\DBGHELP.DLL
0x00007ffa53f70000 - 0x00007ffa542fa000 	C:\WINDOWS\System32\combase.dll
0x00007ffa54590000 - 0x00007ffa54667000 	C:\WINDOWS\System32\OLEAUT32.dll
0x00007ffa3e110000 - 0x00007ffa3e142000 	C:\WINDOWS\SYSTEM32\dbgcore.DLL
0x00007ffa53ef0000 - 0x00007ffa53f6a000 	C:\WINDOWS\System32\bcryptPrimitives.dll
0x00007ffa4acb0000 - 0x00007ffa4acd5000 	C:\Program Files\Android\Android Studio\jbr\bin\java.dll
0x00007ffa4bbd0000 - 0x00007ffa4bbe8000 	C:\Program Files\Android\Android Studio\jbr\bin\zip.dll
0x00007ffa55140000 - 0x00007ffa55998000 	C:\WINDOWS\System32\SHELL32.dll
0x00007ffa514b0000 - 0x00007ffa51da2000 	C:\WINDOWS\SYSTEM32\windows.storage.dll
0x00007ffa51370000 - 0x00007ffa514ae000 	C:\WINDOWS\SYSTEM32\wintypes.dll
0x00007ffa54490000 - 0x00007ffa54583000 	C:\WINDOWS\System32\SHCORE.dll
0x00007ffa559a0000 - 0x00007ffa559fe000 	C:\WINDOWS\System32\shlwapi.dll
0x00007ffa534c0000 - 0x00007ffa534e6000 	C:\WINDOWS\SYSTEM32\profapi.dll
0x00007ffa4b9b0000 - 0x00007ffa4b9c9000 	C:\Program Files\Android\Android Studio\jbr\bin\net.dll
0x00007ffa4c3f0000 - 0x00007ffa4c527000 	C:\WINDOWS\SYSTEM32\WINHTTP.dll
0x00007ffa52af0000 - 0x00007ffa52b59000 	C:\WINDOWS\system32\mswsock.dll
0x00007ffa4ac90000 - 0x00007ffa4aca6000 	C:\Program Files\Android\Android Studio\jbr\bin\nio.dll
0x00007ffa4aa40000 - 0x00007ffa4aa50000 	C:\Program Files\Android\Android Studio\jbr\bin\verify.dll
0x00007ffa3b560000 - 0x00007ffa3b587000 	C:\Users\USUARIO\.gradle\native\68d5fa5c4cc2d200863cafc0d521ce42e7d3e7ee720ec0a83991735586a16f82\windows-amd64\native-platform.dll
0x00007ffa0aaf0000 - 0x00007ffa0ac34000 	C:\Users\USUARIO\.gradle\native\e376f236ea51e6404a007f0833ffe2c6e607c4080706a723a18a27aeea778392\windows-amd64\native-platform-file-events.dll
0x00007ffa4ab20000 - 0x00007ffa4ab29000 	C:\Program Files\Android\Android Studio\jbr\bin\management.dll
0x00007ffa4aa50000 - 0x00007ffa4aa5b000 	C:\Program Files\Android\Android Studio\jbr\bin\management_ext.dll
0x00007ffa55ad0000 - 0x00007ffa55ad8000 	C:\WINDOWS\System32\PSAPI.DLL
0x00007ffa52e10000 - 0x00007ffa52e2b000 	C:\WINDOWS\SYSTEM32\CRYPTSP.dll
0x00007ffa525e0000 - 0x00007ffa52615000 	C:\WINDOWS\system32\rsaenh.dll
0x00007ffa52b90000 - 0x00007ffa52bbc000 	C:\WINDOWS\SYSTEM32\USERENV.dll
0x00007ffa52f30000 - 0x00007ffa52f58000 	C:\WINDOWS\SYSTEM32\bcrypt.dll
0x00007ffa52df0000 - 0x00007ffa52dfc000 	C:\WINDOWS\SYSTEM32\CRYPTBASE.dll
0x00007ffa52080000 - 0x00007ffa520ad000 	C:\WINDOWS\SYSTEM32\IPHLPAPI.DLL
0x00007ffa55ab0000 - 0x00007ffa55ab9000 	C:\WINDOWS\System32\NSI.dll
0x00007ffa4bd00000 - 0x00007ffa4bd19000 	C:\WINDOWS\SYSTEM32\dhcpcsvc6.DLL
0x00007ffa4bce0000 - 0x00007ffa4bcff000 	C:\WINDOWS\SYSTEM32\dhcpcsvc.DLL
0x00007ffa520f0000 - 0x00007ffa521e9000 	C:\WINDOWS\SYSTEM32\DNSAPI.dll
0x00007ffa4a320000 - 0x00007ffa4a328000 	C:\WINDOWS\system32\wshunix.dll

dbghelp: loaded successfully - version: 4.0.5 - missing functions: none
symbol engine: initialized successfully - sym options: 0x614 - pdb path: .;C:\Program Files\Android\Android Studio\jbr\bin;C:\WINDOWS\SYSTEM32;C:\WINDOWS\WinSxS\amd64_microsoft.windows.common-controls_6595b64144ccf1df_6.0.22621.2361_none_2712ced57382f843;C:\Program Files\Android\Android Studio\jbr\bin\server;C:\Users\USUARIO\.gradle\native\68d5fa5c4cc2d200863cafc0d521ce42e7d3e7ee720ec0a83991735586a16f82\windows-amd64;C:\Users\USUARIO\.gradle\native\e376f236ea51e6404a007f0833ffe2c6e607c4080706a723a18a27aeea778392\windows-amd64

VM Arguments:
jvm_args: --add-opens=java.base/java.util=ALL-UNNAMED --add-opens=java.base/java.lang=ALL-UNNAMED --add-opens=java.base/java.lang.invoke=ALL-UNNAMED --add-opens=java.prefs/java.util.prefs=ALL-UNNAMED --add-opens=java.base/java.nio.charset=ALL-UNNAMED --add-opens=java.base/java.net=ALL-UNNAMED --add-opens=java.base/java.util.concurrent.atomic=ALL-UNNAMED -Xmx2048m -Dfile.encoding=UTF-8 -Duser.country=GT -Duser.language=es -Duser.variant 
java_command: org.gradle.launcher.daemon.bootstrap.GradleDaemon 8.0
java_class_path (initial): C:\Users\USUARIO\.gradle\wrapper\dists\gradle-8.0-bin\ca5e32bp14vu59qr306oxotwh\gradle-8.0\lib\gradle-launcher-8.0.jar
Launcher Type: SUN_STANDARD

[Global flags]
     intx CICompilerCount                          = 4                                         {product} {ergonomic}
     uint ConcGCThreads                            = 3                                         {product} {ergonomic}
     uint G1ConcRefinementThreads                  = 10                                        {product} {ergonomic}
   size_t G1HeapRegionSize                         = 1048576                                   {product} {ergonomic}
    uintx GCDrainStackTargetSize                   = 64                                        {product} {ergonomic}
   size_t InitialHeapSize                          = 266338304                                 {product} {ergonomic}
   size_t MarkStackSize                            = 4194304                                   {product} {ergonomic}
   size_t MaxHeapSize                              = 2147483648                                {product} {command line}
   size_t MaxNewSize                               = 1287651328                                {product} {ergonomic}
   size_t MinHeapDeltaBytes                        = 1048576                                   {product} {ergonomic}
   size_t MinHeapSize                              = 8388608                                   {product} {ergonomic}
    uintx NonNMethodCodeHeapSize                   = 5839372                                {pd product} {ergonomic}
    uintx NonProfiledCodeHeapSize                  = 122909434                              {pd product} {ergonomic}
    uintx ProfiledCodeHeapSize                     = 122909434                              {pd product} {ergonomic}
    uintx ReservedCodeCacheSize                    = 251658240                              {pd product} {ergonomic}
     bool SegmentedCodeCache                       = true                                      {product} {ergonomic}
   size_t SoftMaxHeapSize                          = 2147483648                             {manageable} {ergonomic}
     bool UseCompressedClassPointers               = true                           {product lp64_product} {ergonomic}
     bool UseCompressedOops                        = true                           {product lp64_product} {ergonomic}
     bool UseG1GC                                  = true                                      {product} {ergonomic}
     bool UseLargePagesIndividualAllocation        = false                                  {pd product} {ergonomic}

Logging:
Log output configuration:
 #0: stdout all=warning uptime,level,tags
 #1: stderr all=off uptime,level,tags

Environment Variables:
PATH=C:\Program Files\Common Files\Oracle\Java\javapath;C:\Program Files (x86)\Common Files\Oracle\Java\javapath;C:\ProgramData\Oracle\Java\javapath;C:\Windows\system32;C:\Windows;C:\Windows\System32\Wbem;C:\Windows\System32\WindowsPowerShell\v1.0\;C:\Windows\System32\OpenSSH\;C:\Program Files (x86)\NVIDIA Corporation\PhysX\Common;C:\Program Files\Intel\WiFi\bin\;C:\Program Files\Common Files\Intel\WirelessCommon\;C:\Program Files\NVIDIA Corporation\NVIDIA NvDLISR;C:\WINDOWS\system32;C:\WINDOWS;C:\WINDOWS\System32\Wbem;C:\WINDOWS\System32\WindowsPowerShell\v1.0\;C:\WINDOWS\System32\OpenSSH\;C:\Program Files\dotnet\;C:\xampp\php;C:\ProgramData\ComposerSetup\bin;C:\ProgramData\chocolatey\bin;;C:\WINDOWS\system32;C:\WINDOWS;C:\WINDOWS\System32\Wbem;C:\WINDOWS\System32\WindowsPowerShell\v1.0\;C:\WINDOWS\System32\OpenSSH\;C:\Program Files\nodejs\;C:\Program Files\Docker\Docker\resources\bin;C:\Users\USUARIO\AppData\Local\Programs\Python\Python310\Scripts\;C:\Users\USUARIO\AppData\Local\Programs\Python\Python310\;C:\Users\USUARIO\AppData\Local\Microsoft\WindowsApps;C:\Users\USUARIO\AppData\Local\Programs\Microsoft VS Code\bin;C:\MinGW\bin;C:\Program Files\JetBrains\PyCharm Community Edition 2021.3.2\bin;;C:\Users\USUARIO\.dotnet\tools;C:\Users\USUARIO\AppData\Roaming\Composer\vendor\bin;C:\Users\USUARIO\AppData\Roaming\npm;C:\Program Files\MySQL\MySQL Workbench 8.0\MySQLWorkbench.exe;
USERNAME=USUARIO
OS=Windows_NT
PROCESSOR_IDENTIFIER=Intel64 Family 6 Model 166 Stepping 0, GenuineIntel
TMP=C:\Users\USUARIO\AppData\Local\Temp
TEMP=C:\Users\USUARIO\AppData\Local\Temp



---------------  S Y S T E M  ---------------

OS:
 Windows 11 , 64 bit Build 22621 (10.0.22621.2428)
OS uptime: 2 days 5:38 hours
Hyper-V role detected

CPU: total 12 (initial active 12) (6 cores per cpu, 2 threads per core) family 6 model 166 stepping 0 microcode 0xe0, cx8, cmov, fxsr, ht, mmx, 3dnowpref, sse, sse2, sse3, ssse3, sse4.1, sse4.2, popcnt, lzcnt, tsc, tscinvbit, avx, avx2, aes, erms, clmul, bmi1, bmi2, adx, fma, vzeroupper, clflush, clflushopt, hv

Memory: 4k page, system-wide physical 16221M (2798M free)
TotalPageFile size 17421M (AvailPageFile size 19M)
current process WorkingSet (physical memory assigned to process): 421M, peak: 421M
current process commit charge ("private bytes"): 478M, peak: 518M

vm_info: OpenJDK 64-Bit Server VM (17.0.6+0-b2043.56-9586694) for windows-amd64 JRE (17.0.6+0-b2043.56-9586694), built on Feb  9 2023 20:06:20 by "androidbuild" with MS VC++ 16.10 / 16.11 (VS2019)

END.
